{"/home/kingofyadav/dev/projects/Profile/api/claim.js": {"path":"/home/kingofyadav/dev/projects/Profile/api/claim.js","statementMap":{"0":{"start":{"line":3,"column":11},"end":{"line":3,"column":31}},"1":{"start":{"line":4,"column":22},"end":{"line":4,"column":44}},"2":{"start":{"line":6,"column":18},"end":{"line":33,"column":1}},"3":{"start":{"line":7,"column":15},"end":{"line":7,"column":105}},"4":{"start":{"line":8,"column":2},"end":{"line":32,"column":52}},"5":{"start":{"line":35,"column":0},"end":{"line":74,"column":2}},"6":{"start":{"line":36,"column":2},"end":{"line":36,"column":52}},"7":{"start":{"line":37,"column":2},"end":{"line":37,"column":65}},"8":{"start":{"line":38,"column":2},"end":{"line":38,"column":64}},"9":{"start":{"line":39,"column":2},"end":{"line":39,"column":61}},"10":{"start":{"line":39,"column":32},"end":{"line":39,"column":61}},"11":{"start":{"line":40,"column":2},"end":{"line":40,"column":92}},"12":{"start":{"line":40,"column":29},"end":{"line":40,"column":92}},"13":{"start":{"line":41,"column":2},"end":{"line":41,"column":34}},"14":{"start":{"line":41,"column":27},"end":{"line":41,"column":34}},"15":{"start":{"line":43,"column":116},"end":{"line":43,"column":130}},"16":{"start":{"line":44,"column":2},"end":{"line":46,"column":3}},"17":{"start":{"line":45,"column":4},"end":{"line":45,"column":109}},"18":{"start":{"line":48,"column":2},"end":{"line":62,"column":5}},"19":{"start":{"line":64,"column":15},"end":{"line":64,"column":113}},"20":{"start":{"line":66,"column":2},"end":{"line":71,"column":78}},"21":{"start":{"line":73,"column":2},"end":{"line":73,"column":38}}},"fnMap":{"0":{"name":"(anonymous_0)","decl":{"start":{"line":6,"column":18},"end":{"line":6,"column":19}},"loc":{"start":{"line":6,"column":111},"end":{"line":33,"column":1}},"line":6},"1":{"name":"(anonymous_1)","decl":{"start":{"line":35,"column":17},"end":{"line":35,"column":18}},"loc":{"start":{"line":35,"column":37},"end":{"line":74,"column":1}},"line":35}},"branchMap":{"0":{"loc":{"start":{"line":10,"column":31},"end":{"line":10,"column":53}},"type":"binary-expr","locations":[{"start":{"line":10,"column":31},"end":{"line":10,"column":39}},{"start":{"line":10,"column":43},"end":{"line":10,"column":53}}],"line":10},"1":{"loc":{"start":{"line":12,"column":5},"end":{"line":12,"column":36}},"type":"binary-expr","locations":[{"start":{"line":12,"column":5},"end":{"line":12,"column":18}},{"start":{"line":12,"column":22},"end":{"line":12,"column":36}}],"line":12},"2":{"loc":{"start":{"line":22,"column":15},"end":{"line":22,"column":36}},"type":"binary-expr","locations":[{"start":{"line":22,"column":15},"end":{"line":22,"column":23}},{"start":{"line":22,"column":27},"end":{"line":22,"column":36}}],"line":22},"3":{"loc":{"start":{"line":23,"column":15},"end":{"line":23,"column":60}},"type":"binary-expr","locations":[{"start":{"line":23,"column":15},"end":{"line":23,"column":29}},{"start":{"line":23,"column":33},"end":{"line":23,"column":60}}],"line":23},"4":{"loc":{"start":{"line":39,"column":2},"end":{"line":39,"column":61}},"type":"if","locations":[{"start":{"line":39,"column":2},"end":{"line":39,"column":61}},{"start":{},"end":{}}],"line":39},"5":{"loc":{"start":{"line":40,"column":2},"end":{"line":40,"column":92}},"type":"if","locations":[{"start":{"line":40,"column":2},"end":{"line":40,"column":92}},{"start":{},"end":{}}],"line":40},"6":{"loc":{"start":{"line":41,"column":2},"end":{"line":41,"column":34}},"type":"if","locations":[{"start":{"line":41,"column":2},"end":{"line":41,"column":34}},{"start":{},"end":{}}],"line":41},"7":{"loc":{"start":{"line":43,"column":116},"end":{"line":43,"column":130}},"type":"binary-expr","locations":[{"start":{"line":43,"column":116},"end":{"line":43,"column":124}},{"start":{"line":43,"column":128},"end":{"line":43,"column":130}}],"line":43},"8":{"loc":{"start":{"line":44,"column":2},"end":{"line":46,"column":3}},"type":"if","locations":[{"start":{"line":44,"column":2},"end":{"line":46,"column":3}},{"start":{},"end":{}}],"line":44},"9":{"loc":{"start":{"line":44,"column":6},"end":{"line":44,"column":55}},"type":"binary-expr","locations":[{"start":{"line":44,"column":6},"end":{"line":44,"column":17}},{"start":{"line":44,"column":21},"end":{"line":44,"column":36}},{"start":{"line":44,"column":40},"end":{"line":44,"column":55}}],"line":44},"10":{"loc":{"start":{"line":70,"column":34},"end":{"line":70,"column":50}},"type":"binary-expr","locations":[{"start":{"line":70,"column":34},"end":{"line":70,"column":42}},{"start":{"line":70,"column":46},"end":{"line":70,"column":50}}],"line":70},"11":{"loc":{"start":{"line":70,"column":52},"end":{"line":70,"column":74}},"type":"binary-expr","locations":[{"start":{"line":70,"column":52},"end":{"line":70,"column":66}},{"start":{"line":70,"column":70},"end":{"line":70,"column":74}}],"line":70},"12":{"loc":{"start":{"line":71,"column":6},"end":{"line":71,"column":27}},"type":"binary-expr","locations":[{"start":{"line":71,"column":6},"end":{"line":71,"column":19}},{"start":{"line":71,"column":23},"end":{"line":71,"column":27}}],"line":71},"13":{"loc":{"start":{"line":71,"column":45},"end":{"line":71,"column":69}},"type":"binary-expr","locations":[{"start":{"line":71,"column":45},"end":{"line":71,"column":61}},{"start":{"line":71,"column":65},"end":{"line":71,"column":69}}],"line":71}},"s":{"0":1,"1":1,"2":1,"3":2,"4":2,"5":1,"6":9,"7":9,"8":9,"9":9,"10":1,"11":8,"12":2,"13":6,"14":0,"15":6,"16":6,"17":4,"18":2,"19":2,"20":2,"21":2},"f":{"0":2,"1":9},"b":{"0":[2,1],"1":[2,1],"2":[2,1],"3":[2,1],"4":[1,8],"5":[2,6],"6":[0,6],"7":[6,1],"8":[4,2],"9":[6,4,3],"10":[2,1],"11":[2,1],"12":[2,1],"13":[2,1]},"_coverageSchema":"1a1c01bbd47fc00a2c39e90264f33305004495a9","hash":"36e39c370ec32ebc977c270f5687cdf722a0f6e5"}
,"/home/kingofyadav/dev/projects/Profile/api/jarvis-chat.js": {"path":"/home/kingofyadav/dev/projects/Profile/api/jarvis-chat.js","statementMap":{"0":{"start":{"line":3,"column":71},"end":{"line":3,"column":93}},"1":{"start":{"line":4,"column":28},"end":{"line":4,"column":52}},"2":{"start":{"line":6,"column":23},"end":{"line":6,"column":28}},"3":{"start":{"line":7,"column":20},"end":{"line":7,"column":21}},"4":{"start":{"line":9,"column":19},"end":{"line":95,"column":1}},"5":{"start":{"line":98,"column":2},"end":{"line":98,"column":26}},"6":{"start":{"line":99,"column":2},"end":{"line":99,"column":67}},"7":{"start":{"line":100,"column":2},"end":{"line":100,"column":56}},"8":{"start":{"line":101,"column":2},"end":{"line":101,"column":35}},"9":{"start":{"line":105,"column":2},"end":{"line":126,"column":5}},"10":{"start":{"line":106,"column":14},"end":{"line":106,"column":16}},"11":{"start":{"line":107,"column":4},"end":{"line":115,"column":7}},"12":{"start":{"line":108,"column":6},"end":{"line":108,"column":19}},"13":{"start":{"line":109,"column":6},"end":{"line":114,"column":7}},"14":{"start":{"line":110,"column":20},"end":{"line":110,"column":55}},"15":{"start":{"line":111,"column":8},"end":{"line":111,"column":25}},"16":{"start":{"line":112,"column":8},"end":{"line":112,"column":20}},"17":{"start":{"line":113,"column":8},"end":{"line":113,"column":22}},"18":{"start":{"line":116,"column":4},"end":{"line":124,"column":7}},"19":{"start":{"line":117,"column":6},"end":{"line":123,"column":7}},"20":{"start":{"line":118,"column":8},"end":{"line":118,"column":44}},"21":{"start":{"line":120,"column":8},"end":{"line":120,"column":25}},"22":{"start":{"line":121,"column":8},"end":{"line":121,"column":37}},"23":{"start":{"line":122,"column":8},"end":{"line":122,"column":20}},"24":{"start":{"line":125,"column":4},"end":{"line":125,"column":28}},"25":{"start":{"line":130,"column":14},"end":{"line":130,"column":96}},"26":{"start":{"line":131,"column":2},"end":{"line":131,"column":22}},"27":{"start":{"line":131,"column":12},"end":{"line":131,"column":22}},"28":{"start":{"line":134,"column":2},"end":{"line":138,"column":3}},"29":{"start":{"line":135,"column":4},"end":{"line":135,"column":26}},"30":{"start":{"line":137,"column":4},"end":{"line":137,"column":14}},"31":{"start":{"line":140,"column":15},"end":{"line":140,"column":59}},"32":{"start":{"line":141,"column":2},"end":{"line":141,"column":52}},"33":{"start":{"line":141,"column":42},"end":{"line":141,"column":52}},"34":{"start":{"line":142,"column":2},"end":{"line":142,"column":47}},"35":{"start":{"line":146,"column":15},"end":{"line":146,"column":40}},"36":{"start":{"line":147,"column":2},"end":{"line":147,"column":26}},"37":{"start":{"line":147,"column":13},"end":{"line":147,"column":26}},"38":{"start":{"line":149,"column":25},"end":{"line":154,"column":3}},"39":{"start":{"line":156,"column":23},"end":{"line":156,"column":76}},"40":{"start":{"line":157,"column":2},"end":{"line":159,"column":3}},"41":{"start":{"line":158,"column":4},"end":{"line":158,"column":63}},"42":{"start":{"line":161,"column":19},"end":{"line":166,"column":4}},"43":{"start":{"line":168,"column":15},"end":{"line":168,"column":36}},"44":{"start":{"line":169,"column":2},"end":{"line":169,"column":35}},"45":{"start":{"line":170,"column":2},"end":{"line":170,"column":107}},"46":{"start":{"line":171,"column":2},"end":{"line":171,"column":56}},"47":{"start":{"line":172,"column":2},"end":{"line":172,"column":16}},"48":{"start":{"line":173,"column":2},"end":{"line":173,"column":14}},"49":{"start":{"line":177,"column":0},"end":{"line":182,"column":3}},"50":{"start":{"line":178,"column":2},"end":{"line":181,"column":4}},"51":{"start":{"line":179,"column":23},"end":{"line":179,"column":68}},"52":{"start":{"line":185,"column":12},"end":{"line":185,"column":73}},"53":{"start":{"line":186,"column":16},"end":{"line":186,"column":65}},"54":{"start":{"line":186,"column":51},"end":{"line":186,"column":63}},"55":{"start":{"line":188,"column":17},"end":{"line":193,"column":38}},"56":{"start":{"line":190,"column":22},"end":{"line":190,"column":59}},"57":{"start":{"line":191,"column":6},"end":{"line":191,"column":59}},"58":{"start":{"line":193,"column":20},"end":{"line":193,"column":37}},"59":{"start":{"line":195,"column":15},"end":{"line":195,"column":24}},"60":{"start":{"line":196,"column":2},"end":{"line":202,"column":3}},"61":{"start":{"line":197,"column":19},"end":{"line":197,"column":28}},"62":{"start":{"line":198,"column":4},"end":{"line":200,"column":5}},"63":{"start":{"line":199,"column":6},"end":{"line":199,"column":58}},"64":{"start":{"line":201,"column":4},"end":{"line":201,"column":27}},"65":{"start":{"line":204,"column":2},"end":{"line":206,"column":3}},"66":{"start":{"line":205,"column":4},"end":{"line":205,"column":170}},"67":{"start":{"line":208,"column":2},"end":{"line":210,"column":3}},"68":{"start":{"line":209,"column":4},"end":{"line":209,"column":267}},"69":{"start":{"line":212,"column":2},"end":{"line":212,"column":219}},"70":{"start":{"line":215,"column":0},"end":{"line":260,"column":2}},"71":{"start":{"line":216,"column":2},"end":{"line":221,"column":3}},"72":{"start":{"line":217,"column":4},"end":{"line":217,"column":44}},"73":{"start":{"line":218,"column":4},"end":{"line":218,"column":25}},"74":{"start":{"line":219,"column":4},"end":{"line":219,"column":14}},"75":{"start":{"line":220,"column":4},"end":{"line":220,"column":11}},"76":{"start":{"line":223,"column":2},"end":{"line":226,"column":3}},"77":{"start":{"line":224,"column":4},"end":{"line":224,"column":43}},"78":{"start":{"line":225,"column":4},"end":{"line":225,"column":11}},"79":{"start":{"line":228,"column":2},"end":{"line":228,"column":35}},"80":{"start":{"line":228,"column":28},"end":{"line":228,"column":35}},"81":{"start":{"line":231,"column":2},"end":{"line":236,"column":3}},"82":{"start":{"line":232,"column":4},"end":{"line":232,"column":31}},"83":{"start":{"line":234,"column":4},"end":{"line":234,"column":54}},"84":{"start":{"line":235,"column":4},"end":{"line":235,"column":11}},"85":{"start":{"line":238,"column":18},"end":{"line":238,"column":66}},"86":{"start":{"line":239,"column":2},"end":{"line":242,"column":3}},"87":{"start":{"line":240,"column":4},"end":{"line":240,"column":43}},"88":{"start":{"line":241,"column":4},"end":{"line":241,"column":11}},"89":{"start":{"line":244,"column":18},"end":{"line":247,"column":3}},"90":{"start":{"line":249,"column":2},"end":{"line":253,"column":3}},"91":{"start":{"line":250,"column":4},"end":{"line":250,"column":56}},"92":{"start":{"line":250,"column":49},"end":{"line":250,"column":56}},"93":{"start":{"line":255,"column":2},"end":{"line":259,"column":5}}},"fnMap":{"0":{"name":"send","decl":{"start":{"line":97,"column":9},"end":{"line":97,"column":13}},"loc":{"start":{"line":97,"column":36},"end":{"line":102,"column":1}},"line":97},"1":{"name":"readBody","decl":{"start":{"line":104,"column":9},"end":{"line":104,"column":17}},"loc":{"start":{"line":104,"column":23},"end":{"line":127,"column":1}},"line":104},"2":{"name":"(anonymous_2)","decl":{"start":{"line":105,"column":21},"end":{"line":105,"column":22}},"loc":{"start":{"line":105,"column":42},"end":{"line":126,"column":3}},"line":105},"3":{"name":"(anonymous_3)","decl":{"start":{"line":107,"column":19},"end":{"line":107,"column":20}},"loc":{"start":{"line":107,"column":28},"end":{"line":115,"column":5}},"line":107},"4":{"name":"(anonymous_4)","decl":{"start":{"line":116,"column":18},"end":{"line":116,"column":19}},"loc":{"start":{"line":116,"column":24},"end":{"line":124,"column":5}},"line":116},"5":{"name":"normalizeBackendBase","decl":{"start":{"line":129,"column":9},"end":{"line":129,"column":29}},"loc":{"start":{"line":129,"column":35},"end":{"line":143,"column":1}},"line":129},"6":{"name":"proxyToBackend","decl":{"start":{"line":145,"column":15},"end":{"line":145,"column":29}},"loc":{"start":{"line":145,"column":46},"end":{"line":174,"column":1}},"line":145},"7":{"name":"(anonymous_7)","decl":{"start":{"line":177,"column":19},"end":{"line":177,"column":20}},"loc":{"start":{"line":177,"column":27},"end":{"line":182,"column":1}},"line":177},"8":{"name":"(anonymous_8)","decl":{"start":{"line":179,"column":18},"end":{"line":179,"column":19}},"loc":{"start":{"line":179,"column":23},"end":{"line":179,"column":68}},"line":179},"9":{"name":"fallbackReply","decl":{"start":{"line":184,"column":9},"end":{"line":184,"column":22}},"loc":{"start":{"line":184,"column":32},"end":{"line":213,"column":1}},"line":184},"10":{"name":"(anonymous_10)","decl":{"start":{"line":186,"column":46},"end":{"line":186,"column":47}},"loc":{"start":{"line":186,"column":51},"end":{"line":186,"column":63}},"line":186},"11":{"name":"(anonymous_11)","decl":{"start":{"line":189,"column":9},"end":{"line":189,"column":10}},"loc":{"start":{"line":189,"column":17},"end":{"line":192,"column":5}},"line":189},"12":{"name":"(anonymous_12)","decl":{"start":{"line":193,"column":10},"end":{"line":193,"column":11}},"loc":{"start":{"line":193,"column":20},"end":{"line":193,"column":37}},"line":193},"13":{"name":"handler","decl":{"start":{"line":215,"column":32},"end":{"line":215,"column":39}},"loc":{"start":{"line":215,"column":50},"end":{"line":260,"column":1}},"line":215}},"branchMap":{"0":{"loc":{"start":{"line":109,"column":6},"end":{"line":114,"column":7}},"type":"if","locations":[{"start":{"line":109,"column":6},"end":{"line":114,"column":7}},{"start":{},"end":{}}],"line":109},"1":{"loc":{"start":{"line":118,"column":16},"end":{"line":118,"column":42}},"type":"cond-expr","locations":[{"start":{"line":118,"column":22},"end":{"line":118,"column":37}},{"start":{"line":118,"column":40},"end":{"line":118,"column":42}}],"line":118},"2":{"loc":{"start":{"line":130,"column":21},"end":{"line":130,"column":88}},"type":"binary-expr","locations":[{"start":{"line":130,"column":21},"end":{"line":130,"column":48}},{"start":{"line":130,"column":52},"end":{"line":130,"column":82}},{"start":{"line":130,"column":86},"end":{"line":130,"column":88}}],"line":130},"3":{"loc":{"start":{"line":131,"column":2},"end":{"line":131,"column":22}},"type":"if","locations":[{"start":{"line":131,"column":2},"end":{"line":131,"column":22}},{"start":{},"end":{}}],"line":131},"4":{"loc":{"start":{"line":140,"column":22},"end":{"line":140,"column":44}},"type":"binary-expr","locations":[{"start":{"line":140,"column":22},"end":{"line":140,"column":38}},{"start":{"line":140,"column":42},"end":{"line":140,"column":44}}],"line":140},"5":{"loc":{"start":{"line":141,"column":2},"end":{"line":141,"column":52}},"type":"if","locations":[{"start":{"line":141,"column":2},"end":{"line":141,"column":52}},{"start":{},"end":{}}],"line":141},"6":{"loc":{"start":{"line":147,"column":2},"end":{"line":147,"column":26}},"type":"if","locations":[{"start":{"line":147,"column":2},"end":{"line":147,"column":26}},{"start":{},"end":{}}],"line":147},"7":{"loc":{"start":{"line":151,"column":31},"end":{"line":151,"column":53}},"type":"binary-expr","locations":[{"start":{"line":151,"column":31},"end":{"line":151,"column":47}},{"start":{"line":151,"column":51},"end":{"line":151,"column":53}}],"line":151},"8":{"loc":{"start":{"line":152,"column":30},"end":{"line":152,"column":94}},"type":"binary-expr","locations":[{"start":{"line":152,"column":30},"end":{"line":152,"column":60}},{"start":{"line":152,"column":64},"end":{"line":152,"column":88}},{"start":{"line":152,"column":92},"end":{"line":152,"column":94}}],"line":152},"9":{"loc":{"start":{"line":156,"column":30},"end":{"line":156,"column":68}},"type":"binary-expr","locations":[{"start":{"line":156,"column":30},"end":{"line":156,"column":62}},{"start":{"line":156,"column":66},"end":{"line":156,"column":68}}],"line":156},"10":{"loc":{"start":{"line":157,"column":2},"end":{"line":159,"column":3}},"type":"if","locations":[{"start":{"line":157,"column":2},"end":{"line":159,"column":3}},{"start":{},"end":{}}],"line":157},"11":{"loc":{"start":{"line":170,"column":32},"end":{"line":170,"column":105}},"type":"binary-expr","locations":[{"start":{"line":170,"column":32},"end":{"line":170,"column":68}},{"start":{"line":170,"column":72},"end":{"line":170,"column":105}}],"line":170},"12":{"loc":{"start":{"line":185,"column":19},"end":{"line":185,"column":32}},"type":"binary-expr","locations":[{"start":{"line":185,"column":19},"end":{"line":185,"column":26}},{"start":{"line":185,"column":30},"end":{"line":185,"column":32}}],"line":185},"13":{"loc":{"start":{"line":190,"column":23},"end":{"line":190,"column":51}},"type":"binary-expr","locations":[{"start":{"line":190,"column":23},"end":{"line":190,"column":45}},{"start":{"line":190,"column":49},"end":{"line":190,"column":51}}],"line":190},"14":{"loc":{"start":{"line":191,"column":39},"end":{"line":191,"column":55}},"type":"binary-expr","locations":[{"start":{"line":191,"column":39},"end":{"line":191,"column":50}},{"start":{"line":191,"column":54},"end":{"line":191,"column":55}}],"line":191},"15":{"loc":{"start":{"line":196,"column":2},"end":{"line":202,"column":3}},"type":"if","locations":[{"start":{"line":196,"column":2},"end":{"line":202,"column":3}},{"start":{},"end":{}}],"line":196},"16":{"loc":{"start":{"line":196,"column":6},"end":{"line":196,"column":28}},"type":"binary-expr","locations":[{"start":{"line":196,"column":6},"end":{"line":196,"column":10}},{"start":{"line":196,"column":14},"end":{"line":196,"column":28}}],"line":196},"17":{"loc":{"start":{"line":198,"column":4},"end":{"line":200,"column":5}},"type":"if","locations":[{"start":{"line":198,"column":4},"end":{"line":200,"column":5}},{"start":{},"end":{}}],"line":198},"18":{"loc":{"start":{"line":198,"column":8},"end":{"line":198,"column":99}},"type":"binary-expr","locations":[{"start":{"line":198,"column":8},"end":{"line":198,"column":14}},{"start":{"line":198,"column":18},"end":{"line":198,"column":34}},{"start":{"line":198,"column":38},"end":{"line":198,"column":63}},{"start":{"line":198,"column":67},"end":{"line":198,"column":99}}],"line":198},"19":{"loc":{"start":{"line":204,"column":2},"end":{"line":206,"column":3}},"type":"if","locations":[{"start":{"line":204,"column":2},"end":{"line":206,"column":3}},{"start":{},"end":{}}],"line":204},"20":{"loc":{"start":{"line":204,"column":6},"end":{"line":204,"column":85}},"type":"binary-expr","locations":[{"start":{"line":204,"column":6},"end":{"line":204,"column":24}},{"start":{"line":204,"column":28},"end":{"line":204,"column":44}},{"start":{"line":204,"column":48},"end":{"line":204,"column":63}},{"start":{"line":204,"column":67},"end":{"line":204,"column":85}}],"line":204},"21":{"loc":{"start":{"line":208,"column":2},"end":{"line":210,"column":3}},"type":"if","locations":[{"start":{"line":208,"column":2},"end":{"line":210,"column":3}},{"start":{},"end":{}}],"line":208},"22":{"loc":{"start":{"line":208,"column":6},"end":{"line":208,"column":64}},"type":"binary-expr","locations":[{"start":{"line":208,"column":6},"end":{"line":208,"column":23}},{"start":{"line":208,"column":27},"end":{"line":208,"column":44}},{"start":{"line":208,"column":48},"end":{"line":208,"column":64}}],"line":208},"23":{"loc":{"start":{"line":216,"column":2},"end":{"line":221,"column":3}},"type":"if","locations":[{"start":{"line":216,"column":2},"end":{"line":221,"column":3}},{"start":{},"end":{}}],"line":216},"24":{"loc":{"start":{"line":223,"column":2},"end":{"line":226,"column":3}},"type":"if","locations":[{"start":{"line":223,"column":2},"end":{"line":226,"column":3}},{"start":{},"end":{}}],"line":223},"25":{"loc":{"start":{"line":228,"column":2},"end":{"line":228,"column":35}},"type":"if","locations":[{"start":{"line":228,"column":2},"end":{"line":228,"column":35}},{"start":{},"end":{}}],"line":228},"26":{"loc":{"start":{"line":234,"column":20},"end":{"line":234,"column":52}},"type":"binary-expr","locations":[{"start":{"line":234,"column":20},"end":{"line":234,"column":31}},{"start":{"line":234,"column":35},"end":{"line":234,"column":52}}],"line":234},"27":{"loc":{"start":{"line":238,"column":25},"end":{"line":238,"column":43}},"type":"binary-expr","locations":[{"start":{"line":238,"column":25},"end":{"line":238,"column":37}},{"start":{"line":238,"column":41},"end":{"line":238,"column":43}}],"line":238},"28":{"loc":{"start":{"line":239,"column":2},"end":{"line":242,"column":3}},"type":"if","locations":[{"start":{"line":239,"column":2},"end":{"line":242,"column":3}},{"start":{},"end":{}}],"line":239},"29":{"loc":{"start":{"line":246,"column":13},"end":{"line":246,"column":80}},"type":"cond-expr","locations":[{"start":{"line":246,"column":43},"end":{"line":246,"column":75}},{"start":{"line":246,"column":78},"end":{"line":246,"column":80}}],"line":246},"30":{"loc":{"start":{"line":250,"column":4},"end":{"line":250,"column":56}},"type":"if","locations":[{"start":{"line":250,"column":4},"end":{"line":250,"column":56}},{"start":{},"end":{}}],"line":250}},"s":{"0":1,"1":1,"2":1,"3":1,"4":1,"5":3,"6":3,"7":3,"8":3,"9":4,"10":4,"11":4,"12":4,"13":4,"14":0,"15":0,"16":0,"17":0,"18":4,"19":4,"20":4,"21":0,"22":0,"23":0,"24":4,"25":3,"26":3,"27":3,"28":0,"29":0,"30":0,"31":0,"32":0,"33":0,"34":0,"35":3,"36":3,"37":3,"38":0,"39":0,"40":0,"41":0,"42":0,"43":0,"44":0,"45":0,"46":0,"47":0,"48":0,"49":1,"50":17,"51":108,"52":3,"53":3,"54":8,"55":3,"56":51,"57":51,"58":75,"59":3,"60":3,"61":2,"62":2,"63":0,"64":2,"65":1,"66":0,"67":1,"68":0,"69":1,"70":1,"71":6,"72":1,"73":1,"74":1,"75":1,"76":5,"77":1,"78":1,"79":4,"80":0,"81":4,"82":4,"83":0,"84":0,"85":4,"86":4,"87":1,"88":1,"89":3,"90":3,"91":3,"92":0,"93":3},"f":{"0":3,"1":4,"2":4,"3":4,"4":4,"5":3,"6":3,"7":17,"8":108,"9":3,"10":8,"11":51,"12":75,"13":6},"b":{"0":[0,4],"1":[4,0],"2":[3,3,3],"3":[3,0],"4":[0,0],"5":[0,0],"6":[3,0],"7":[0,0],"8":[0,0,0],"9":[0,0],"10":[0,0],"11":[0,0],"12":[3,0],"13":[51,49],"14":[51,0],"15":[2,1],"16":[3,3],"17":[0,2],"18":[2,2,0,0],"19":[0,1],"20":[1,1,1,1],"21":[0,1],"22":[1,1,1],"23":[1,5],"24":[1,4],"25":[0,4],"26":[0,0],"27":[4,1],"28":[1,3],"29":[0,3],"30":[0,3]},"_coverageSchema":"1a1c01bbd47fc00a2c39e90264f33305004495a9","hash":"d09d9abaac662cf233d903f049b1482eeb7536be"}
,"/home/kingofyadav/dev/projects/Profile/api/live-class.js": {"path":"/home/kingofyadav/dev/projects/Profile/api/live-class.js","statementMap":{"0":{"start":{"line":3,"column":11},"end":{"line":3,"column":31}},"1":{"start":{"line":5,"column":18},"end":{"line":5,"column":46}},"2":{"start":{"line":8,"column":19},"end":{"line":8,"column":21}},"3":{"start":{"line":10,"column":17},"end":{"line":14,"column":1}},"4":{"start":{"line":11,"column":15},"end":{"line":11,"column":49}},"5":{"start":{"line":12,"column":2},"end":{"line":12,"column":55}},"6":{"start":{"line":12,"column":34},"end":{"line":12,"column":55}},"7":{"start":{"line":13,"column":2},"end":{"line":13,"column":68}},"8":{"start":{"line":16,"column":16},"end":{"line":19,"column":1}},"9":{"start":{"line":17,"column":12},"end":{"line":17,"column":55}},"10":{"start":{"line":18,"column":2},"end":{"line":18,"column":71}},"11":{"start":{"line":21,"column":15},"end":{"line":26,"column":1}},"12":{"start":{"line":22,"column":2},"end":{"line":22,"column":28}},"13":{"start":{"line":22,"column":11},"end":{"line":22,"column":28}},"14":{"start":{"line":23,"column":16},"end":{"line":23,"column":29}},"15":{"start":{"line":24,"column":2},"end":{"line":24,"column":71}},"16":{"start":{"line":24,"column":28},"end":{"line":24,"column":45}},"17":{"start":{"line":24,"column":46},"end":{"line":24,"column":69}},"18":{"start":{"line":25,"column":2},"end":{"line":25,"column":40}},"19":{"start":{"line":28,"column":19},"end":{"line":39,"column":1}},"20":{"start":{"line":29,"column":19},"end":{"line":29,"column":88}},"21":{"start":{"line":30,"column":2},"end":{"line":30,"column":32}},"22":{"start":{"line":30,"column":20},"end":{"line":30,"column":32}},"23":{"start":{"line":31,"column":20},"end":{"line":31,"column":27}},"24":{"start":{"line":32,"column":20},"end":{"line":32,"column":117}},"25":{"start":{"line":33,"column":20},"end":{"line":33,"column":142}},"26":{"start":{"line":34,"column":20},"end":{"line":34,"column":122}},"27":{"start":{"line":35,"column":2},"end":{"line":35,"column":34}},"28":{"start":{"line":36,"column":2},"end":{"line":36,"column":35}},"29":{"start":{"line":37,"column":2},"end":{"line":37,"column":37}},"30":{"start":{"line":38,"column":2},"end":{"line":38,"column":17}},"31":{"start":{"line":41,"column":22},"end":{"line":58,"column":1}},"32":{"start":{"line":42,"column":2},"end":{"line":42,"column":28}},"33":{"start":{"line":42,"column":16},"end":{"line":42,"column":28}},"34":{"start":{"line":43,"column":2},"end":{"line":57,"column":4}},"35":{"start":{"line":47,"column":47},"end":{"line":50,"column":5}},"36":{"start":{"line":51,"column":45},"end":{"line":55,"column":5}},"37":{"start":{"line":60,"column":22},"end":{"line":66,"column":1}},"38":{"start":{"line":61,"column":2},"end":{"line":65,"column":11}},"39":{"start":{"line":69,"column":19},"end":{"line":69,"column":45}},"40":{"start":{"line":70,"column":19},"end":{"line":70,"column":95}},"41":{"start":{"line":71,"column":19},"end":{"line":71,"column":60}},"42":{"start":{"line":72,"column":15},"end":{"line":77,"column":4}},"43":{"start":{"line":78,"column":14},"end":{"line":86,"column":4}},"44":{"start":{"line":87,"column":2},"end":{"line":87,"column":55}},"45":{"start":{"line":87,"column":15},"end":{"line":87,"column":55}},"46":{"start":{"line":88,"column":2},"end":{"line":88,"column":20}},"47":{"start":{"line":91,"column":0},"end":{"line":246,"column":2}},"48":{"start":{"line":92,"column":2},"end":{"line":92,"column":52}},"49":{"start":{"line":93,"column":2},"end":{"line":93,"column":70}},"50":{"start":{"line":94,"column":2},"end":{"line":94,"column":99}},"51":{"start":{"line":95,"column":2},"end":{"line":95,"column":61}},"52":{"start":{"line":95,"column":32},"end":{"line":95,"column":61}},"53":{"start":{"line":97,"column":15},"end":{"line":97,"column":27}},"54":{"start":{"line":100,"column":2},"end":{"line":112,"column":3}},"55":{"start":{"line":101,"column":4},"end":{"line":108,"column":5}},"56":{"start":{"line":102,"column":21},"end":{"line":104,"column":7}},"57":{"start":{"line":105,"column":6},"end":{"line":107,"column":12}},"58":{"start":{"line":105,"column":76},"end":{"line":107,"column":7}},"59":{"start":{"line":109,"column":4},"end":{"line":109,"column":30}},"60":{"start":{"line":110,"column":20},"end":{"line":110,"column":42}},"61":{"start":{"line":111,"column":4},"end":{"line":111,"column":44}},"62":{"start":{"line":115,"column":2},"end":{"line":243,"column":3}},"63":{"start":{"line":116,"column":91},"end":{"line":116,"column":105}},"64":{"start":{"line":117,"column":22},"end":{"line":117,"column":35}},"65":{"start":{"line":118,"column":22},"end":{"line":118,"column":46}},"66":{"start":{"line":119,"column":22},"end":{"line":119,"column":89}},"67":{"start":{"line":121,"column":4},"end":{"line":121,"column":30}},"68":{"start":{"line":124,"column":4},"end":{"line":133,"column":5}},"69":{"start":{"line":125,"column":18},"end":{"line":125,"column":59}},"70":{"start":{"line":126,"column":6},"end":{"line":130,"column":66}},"71":{"start":{"line":131,"column":22},"end":{"line":131,"column":44}},"72":{"start":{"line":132,"column":6},"end":{"line":132,"column":68}},"73":{"start":{"line":136,"column":4},"end":{"line":149,"column":5}},"74":{"start":{"line":137,"column":22},"end":{"line":137,"column":42}},"75":{"start":{"line":138,"column":22},"end":{"line":138,"column":41}},"76":{"start":{"line":139,"column":22},"end":{"line":139,"column":56}},"77":{"start":{"line":140,"column":6},"end":{"line":146,"column":7}},"78":{"start":{"line":141,"column":8},"end":{"line":145,"column":62}},"79":{"start":{"line":147,"column":22},"end":{"line":147,"column":44}},"80":{"start":{"line":148,"column":6},"end":{"line":148,"column":68}},"81":{"start":{"line":152,"column":4},"end":{"line":161,"column":5}},"82":{"start":{"line":153,"column":16},"end":{"line":153,"column":55}},"83":{"start":{"line":154,"column":6},"end":{"line":154,"column":92}},"84":{"start":{"line":154,"column":14},"end":{"line":154,"column":92}},"85":{"start":{"line":155,"column":6},"end":{"line":158,"column":8}},"86":{"start":{"line":159,"column":22},"end":{"line":159,"column":44}},"87":{"start":{"line":160,"column":6},"end":{"line":160,"column":63}},"88":{"start":{"line":163,"column":4},"end":{"line":163,"column":86}},"89":{"start":{"line":163,"column":20},"end":{"line":163,"column":86}},"90":{"start":{"line":166,"column":4},"end":{"line":206,"column":5}},"91":{"start":{"line":167,"column":6},"end":{"line":167,"column":135}},"92":{"start":{"line":167,"column":39},"end":{"line":167,"column":135}},"93":{"start":{"line":168,"column":20},"end":{"line":168,"column":45}},"94":{"start":{"line":169,"column":6},"end":{"line":169,"column":86}},"95":{"start":{"line":169,"column":18},"end":{"line":169,"column":86}},"96":{"start":{"line":171,"column":21},"end":{"line":177,"column":85}},"97":{"start":{"line":179,"column":21},"end":{"line":179,"column":23}},"98":{"start":{"line":180,"column":6},"end":{"line":187,"column":7}},"99":{"start":{"line":181,"column":23},"end":{"line":181,"column":43}},"100":{"start":{"line":182,"column":24},"end":{"line":182,"column":69}},"101":{"start":{"line":183,"column":22},"end":{"line":183,"column":50}},"102":{"start":{"line":184,"column":8},"end":{"line":184,"column":58}},"103":{"start":{"line":186,"column":8},"end":{"line":186,"column":100}},"104":{"start":{"line":189,"column":6},"end":{"line":201,"column":7}},"105":{"start":{"line":190,"column":25},"end":{"line":190,"column":109}},"106":{"start":{"line":191,"column":8},"end":{"line":193,"column":9}},"107":{"start":{"line":192,"column":10},"end":{"line":192,"column":178}},"108":{"start":{"line":194,"column":24},"end":{"line":194,"column":134}},"109":{"start":{"line":195,"column":24},"end":{"line":195,"column":83}},"110":{"start":{"line":196,"column":24},"end":{"line":196,"column":118}},"111":{"start":{"line":197,"column":8},"end":{"line":200,"column":10}},"112":{"start":{"line":203,"column":6},"end":{"line":203,"column":130}},"113":{"start":{"line":204,"column":22},"end":{"line":204,"column":44}},"114":{"start":{"line":205,"column":6},"end":{"line":205,"column":91}},"115":{"start":{"line":209,"column":25},"end":{"line":209,"column":118}},"116":{"start":{"line":210,"column":4},"end":{"line":238,"column":5}},"117":{"start":{"line":211,"column":23},"end":{"line":211,"column":107}},"118":{"start":{"line":212,"column":6},"end":{"line":214,"column":7}},"119":{"start":{"line":213,"column":8},"end":{"line":213,"column":176}},"120":{"start":{"line":215,"column":22},"end":{"line":215,"column":132}},"121":{"start":{"line":216,"column":22},"end":{"line":216,"column":39}},"122":{"start":{"line":217,"column":22},"end":{"line":217,"column":58}},"123":{"start":{"line":218,"column":6},"end":{"line":221,"column":8}},"124":{"start":{"line":222,"column":6},"end":{"line":224,"column":7}},"125":{"start":{"line":223,"column":8},"end":{"line":223,"column":91}},"126":{"start":{"line":225,"column":11},"end":{"line":238,"column":5}},"127":{"start":{"line":226,"column":6},"end":{"line":226,"column":175}},"128":{"start":{"line":227,"column":11},"end":{"line":238,"column":5}},"129":{"start":{"line":228,"column":6},"end":{"line":228,"column":82}},"130":{"start":{"line":229,"column":11},"end":{"line":238,"column":5}},"131":{"start":{"line":230,"column":6},"end":{"line":230,"column":82}},"132":{"start":{"line":231,"column":6},"end":{"line":231,"column":171}},"133":{"start":{"line":232,"column":11},"end":{"line":238,"column":5}},"134":{"start":{"line":233,"column":6},"end":{"line":233,"column":77}},"135":{"start":{"line":234,"column":11},"end":{"line":238,"column":5}},"136":{"start":{"line":235,"column":6},"end":{"line":235,"column":101}},"137":{"start":{"line":236,"column":11},"end":{"line":238,"column":5}},"138":{"start":{"line":237,"column":6},"end":{"line":237,"column":94}},"139":{"start":{"line":240,"column":4},"end":{"line":240,"column":110}},"140":{"start":{"line":241,"column":20},"end":{"line":241,"column":42}},"141":{"start":{"line":242,"column":4},"end":{"line":242,"column":44}},"142":{"start":{"line":245,"column":2},"end":{"line":245,"column":67}}},"fnMap":{"0":{"name":"(anonymous_0)","decl":{"start":{"line":10,"column":17},"end":{"line":10,"column":18}},"loc":{"start":{"line":10,"column":24},"end":{"line":14,"column":1}},"line":10},"1":{"name":"(anonymous_1)","decl":{"start":{"line":16,"column":16},"end":{"line":16,"column":17}},"loc":{"start":{"line":16,"column":23},"end":{"line":19,"column":1}},"line":16},"2":{"name":"(anonymous_2)","decl":{"start":{"line":21,"column":15},"end":{"line":21,"column":16}},"loc":{"start":{"line":21,"column":21},"end":{"line":26,"column":1}},"line":21},"3":{"name":"(anonymous_3)","decl":{"start":{"line":28,"column":19},"end":{"line":28,"column":20}},"loc":{"start":{"line":28,"column":31},"end":{"line":39,"column":1}},"line":28},"4":{"name":"(anonymous_4)","decl":{"start":{"line":41,"column":22},"end":{"line":41,"column":23}},"loc":{"start":{"line":41,"column":33},"end":{"line":58,"column":1}},"line":41},"5":{"name":"(anonymous_5)","decl":{"start":{"line":47,"column":41},"end":{"line":47,"column":42}},"loc":{"start":{"line":47,"column":47},"end":{"line":50,"column":5}},"line":47},"6":{"name":"(anonymous_6)","decl":{"start":{"line":51,"column":39},"end":{"line":51,"column":40}},"loc":{"start":{"line":51,"column":45},"end":{"line":55,"column":5}},"line":51},"7":{"name":"(anonymous_7)","decl":{"start":{"line":60,"column":22},"end":{"line":60,"column":23}},"loc":{"start":{"line":60,"column":34},"end":{"line":66,"column":1}},"line":60},"8":{"name":"aiCall","decl":{"start":{"line":68,"column":15},"end":{"line":68,"column":21}},"loc":{"start":{"line":68,"column":30},"end":{"line":89,"column":1}},"line":68},"9":{"name":"(anonymous_9)","decl":{"start":{"line":91,"column":17},"end":{"line":91,"column":18}},"loc":{"start":{"line":91,"column":37},"end":{"line":246,"column":1}},"line":91},"10":{"name":"(anonymous_10)","decl":{"start":{"line":105,"column":70},"end":{"line":105,"column":71}},"loc":{"start":{"line":105,"column":76},"end":{"line":107,"column":7}},"line":105}},"branchMap":{"0":{"loc":{"start":{"line":11,"column":15},"end":{"line":11,"column":49}},"type":"binary-expr","locations":[{"start":{"line":11,"column":15},"end":{"line":11,"column":43}},{"start":{"line":11,"column":47},"end":{"line":11,"column":49}}],"line":11},"1":{"loc":{"start":{"line":12,"column":2},"end":{"line":12,"column":55}},"type":"if","locations":[{"start":{"line":12,"column":2},"end":{"line":12,"column":55}},{"start":{},"end":{}}],"line":12},"2":{"loc":{"start":{"line":13,"column":9},"end":{"line":13,"column":67}},"type":"binary-expr","locations":[{"start":{"line":13,"column":9},"end":{"line":13,"column":42}},{"start":{"line":13,"column":46},"end":{"line":13,"column":61}},{"start":{"line":13,"column":65},"end":{"line":13,"column":67}}],"line":13},"3":{"loc":{"start":{"line":17,"column":12},"end":{"line":17,"column":55}},"type":"binary-expr","locations":[{"start":{"line":17,"column":12},"end":{"line":17,"column":27}},{"start":{"line":17,"column":31},"end":{"line":17,"column":45}},{"start":{"line":17,"column":49},"end":{"line":17,"column":55}}],"line":17},"4":{"loc":{"start":{"line":18,"column":9},"end":{"line":18,"column":70}},"type":"binary-expr","locations":[{"start":{"line":18,"column":9},"end":{"line":18,"column":60}},{"start":{"line":18,"column":64},"end":{"line":18,"column":70}}],"line":18},"5":{"loc":{"start":{"line":22,"column":2},"end":{"line":22,"column":28}},"type":"if","locations":[{"start":{"line":22,"column":2},"end":{"line":22,"column":28}},{"start":{},"end":{}}],"line":22},"6":{"loc":{"start":{"line":24,"column":2},"end":{"line":24,"column":71}},"type":"if","locations":[{"start":{"line":24,"column":2},"end":{"line":24,"column":71}},{"start":{},"end":{}}],"line":24},"7":{"loc":{"start":{"line":30,"column":2},"end":{"line":30,"column":32}},"type":"if","locations":[{"start":{"line":30,"column":2},"end":{"line":30,"column":32}},{"start":{},"end":{}}],"line":30},"8":{"loc":{"start":{"line":42,"column":2},"end":{"line":42,"column":28}},"type":"if","locations":[{"start":{"line":42,"column":2},"end":{"line":42,"column":28}},{"start":{},"end":{}}],"line":42},"9":{"loc":{"start":{"line":45,"column":15},"end":{"line":45,"column":79}},"type":"cond-expr","locations":[{"start":{"line":45,"column":36},"end":{"line":45,"column":72}},{"start":{"line":45,"column":75},"end":{"line":45,"column":79}}],"line":45},"10":{"loc":{"start":{"line":46,"column":15},"end":{"line":46,"column":39}},"type":"binary-expr","locations":[{"start":{"line":46,"column":15},"end":{"line":46,"column":31}},{"start":{"line":46,"column":35},"end":{"line":46,"column":39}}],"line":46},"11":{"loc":{"start":{"line":47,"column":14},"end":{"line":47,"column":35}},"type":"binary-expr","locations":[{"start":{"line":47,"column":14},"end":{"line":47,"column":29}},{"start":{"line":47,"column":33},"end":{"line":47,"column":35}}],"line":47},"12":{"loc":{"start":{"line":49,"column":16},"end":{"line":49,"column":66}},"type":"cond-expr","locations":[{"start":{"line":49,"column":30},"end":{"line":49,"column":59}},{"start":{"line":49,"column":62},"end":{"line":49,"column":66}}],"line":49},"13":{"loc":{"start":{"line":51,"column":13},"end":{"line":51,"column":33}},"type":"binary-expr","locations":[{"start":{"line":51,"column":13},"end":{"line":51,"column":27}},{"start":{"line":51,"column":31},"end":{"line":51,"column":33}}],"line":51},"14":{"loc":{"start":{"line":53,"column":12},"end":{"line":53,"column":37}},"type":"binary-expr","locations":[{"start":{"line":53,"column":12},"end":{"line":53,"column":21}},{"start":{"line":53,"column":25},"end":{"line":53,"column":31}},{"start":{"line":53,"column":35},"end":{"line":53,"column":37}}],"line":53},"15":{"loc":{"start":{"line":54,"column":17},"end":{"line":54,"column":69}},"type":"cond-expr","locations":[{"start":{"line":54,"column":32},"end":{"line":54,"column":62}},{"start":{"line":54,"column":65},"end":{"line":54,"column":69}}],"line":54},"16":{"loc":{"start":{"line":56,"column":15},"end":{"line":56,"column":38}},"type":"binary-expr","locations":[{"start":{"line":56,"column":15},"end":{"line":56,"column":32}},{"start":{"line":56,"column":36},"end":{"line":56,"column":38}}],"line":56},"17":{"loc":{"start":{"line":70,"column":20},"end":{"line":70,"column":75}},"type":"binary-expr","locations":[{"start":{"line":70,"column":20},"end":{"line":70,"column":47}},{"start":{"line":70,"column":51},"end":{"line":70,"column":75}}],"line":70},"18":{"loc":{"start":{"line":71,"column":19},"end":{"line":71,"column":60}},"type":"binary-expr","locations":[{"start":{"line":71,"column":19},"end":{"line":71,"column":43}},{"start":{"line":71,"column":47},"end":{"line":71,"column":60}}],"line":71},"19":{"loc":{"start":{"line":87,"column":2},"end":{"line":87,"column":55}},"type":"if","locations":[{"start":{"line":87,"column":2},"end":{"line":87,"column":55}},{"start":{},"end":{}}],"line":87},"20":{"loc":{"start":{"line":95,"column":2},"end":{"line":95,"column":61}},"type":"if","locations":[{"start":{"line":95,"column":2},"end":{"line":95,"column":61}},{"start":{},"end":{}}],"line":95},"21":{"loc":{"start":{"line":100,"column":2},"end":{"line":112,"column":3}},"type":"if","locations":[{"start":{"line":100,"column":2},"end":{"line":112,"column":3}},{"start":{},"end":{}}],"line":100},"22":{"loc":{"start":{"line":101,"column":4},"end":{"line":108,"column":5}},"type":"if","locations":[{"start":{"line":101,"column":4},"end":{"line":108,"column":5}},{"start":{},"end":{}}],"line":101},"23":{"loc":{"start":{"line":106,"column":20},"end":{"line":106,"column":35}},"type":"binary-expr","locations":[{"start":{"line":106,"column":20},"end":{"line":106,"column":29}},{"start":{"line":106,"column":33},"end":{"line":106,"column":35}}],"line":106},"24":{"loc":{"start":{"line":106,"column":48},"end":{"line":106,"column":100}},"type":"cond-expr","locations":[{"start":{"line":106,"column":63},"end":{"line":106,"column":93}},{"start":{"line":106,"column":96},"end":{"line":106,"column":100}}],"line":106},"25":{"loc":{"start":{"line":115,"column":2},"end":{"line":243,"column":3}},"type":"if","locations":[{"start":{"line":115,"column":2},"end":{"line":243,"column":3}},{"start":{},"end":{}}],"line":115},"26":{"loc":{"start":{"line":116,"column":91},"end":{"line":116,"column":105}},"type":"binary-expr","locations":[{"start":{"line":116,"column":91},"end":{"line":116,"column":99}},{"start":{"line":116,"column":103},"end":{"line":116,"column":105}}],"line":116},"27":{"loc":{"start":{"line":118,"column":22},"end":{"line":118,"column":46}},"type":"binary-expr","locations":[{"start":{"line":118,"column":22},"end":{"line":118,"column":27}},{"start":{"line":118,"column":31},"end":{"line":118,"column":46}}],"line":118},"28":{"loc":{"start":{"line":119,"column":29},"end":{"line":119,"column":88}},"type":"binary-expr","locations":[{"start":{"line":119,"column":29},"end":{"line":119,"column":59}},{"start":{"line":119,"column":63},"end":{"line":119,"column":88}}],"line":119},"29":{"loc":{"start":{"line":124,"column":4},"end":{"line":133,"column":5}},"type":"if","locations":[{"start":{"line":124,"column":4},"end":{"line":133,"column":5}},{"start":{},"end":{}}],"line":124},"30":{"loc":{"start":{"line":125,"column":18},"end":{"line":125,"column":59}},"type":"binary-expr","locations":[{"start":{"line":125,"column":18},"end":{"line":125,"column":26}},{"start":{"line":125,"column":30},"end":{"line":125,"column":38}},{"start":{"line":125,"column":42},"end":{"line":125,"column":59}}],"line":125},"31":{"loc":{"start":{"line":130,"column":21},"end":{"line":130,"column":38}},"type":"binary-expr","locations":[{"start":{"line":130,"column":21},"end":{"line":130,"column":25}},{"start":{"line":130,"column":29},"end":{"line":130,"column":38}}],"line":130},"32":{"loc":{"start":{"line":130,"column":40},"end":{"line":130,"column":59}},"type":"binary-expr","locations":[{"start":{"line":130,"column":40},"end":{"line":130,"column":46}},{"start":{"line":130,"column":50},"end":{"line":130,"column":59}}],"line":130},"33":{"loc":{"start":{"line":136,"column":4},"end":{"line":149,"column":5}},"type":"if","locations":[{"start":{"line":136,"column":4},"end":{"line":149,"column":5}},{"start":{},"end":{}}],"line":136},"34":{"loc":{"start":{"line":137,"column":22},"end":{"line":137,"column":42}},"type":"binary-expr","locations":[{"start":{"line":137,"column":22},"end":{"line":137,"column":30}},{"start":{"line":137,"column":34},"end":{"line":137,"column":42}}],"line":137},"35":{"loc":{"start":{"line":139,"column":22},"end":{"line":139,"column":56}},"type":"cond-expr","locations":[{"start":{"line":139,"column":47},"end":{"line":139,"column":51}},{"start":{"line":139,"column":54},"end":{"line":139,"column":56}}],"line":139},"36":{"loc":{"start":{"line":140,"column":6},"end":{"line":146,"column":7}},"type":"if","locations":[{"start":{"line":140,"column":6},"end":{"line":146,"column":7}},{"start":{},"end":{}}],"line":140},"37":{"loc":{"start":{"line":145,"column":23},"end":{"line":145,"column":40}},"type":"binary-expr","locations":[{"start":{"line":145,"column":23},"end":{"line":145,"column":27}},{"start":{"line":145,"column":31},"end":{"line":145,"column":40}}],"line":145},"38":{"loc":{"start":{"line":145,"column":46},"end":{"line":145,"column":59}},"type":"binary-expr","locations":[{"start":{"line":145,"column":46},"end":{"line":145,"column":51}},{"start":{"line":145,"column":55},"end":{"line":145,"column":59}}],"line":145},"39":{"loc":{"start":{"line":152,"column":4},"end":{"line":161,"column":5}},"type":"if","locations":[{"start":{"line":152,"column":4},"end":{"line":161,"column":5}},{"start":{},"end":{}}],"line":152},"40":{"loc":{"start":{"line":153,"column":23},"end":{"line":153,"column":33}},"type":"binary-expr","locations":[{"start":{"line":153,"column":23},"end":{"line":153,"column":27}},{"start":{"line":153,"column":31},"end":{"line":153,"column":33}}],"line":153},"41":{"loc":{"start":{"line":154,"column":6},"end":{"line":154,"column":92}},"type":"if","locations":[{"start":{"line":154,"column":6},"end":{"line":154,"column":92}},{"start":{},"end":{}}],"line":154},"42":{"loc":{"start":{"line":157,"column":15},"end":{"line":157,"column":32}},"type":"binary-expr","locations":[{"start":{"line":157,"column":15},"end":{"line":157,"column":19}},{"start":{"line":157,"column":23},"end":{"line":157,"column":32}}],"line":157},"43":{"loc":{"start":{"line":157,"column":34},"end":{"line":157,"column":50}},"type":"binary-expr","locations":[{"start":{"line":157,"column":34},"end":{"line":157,"column":42}},{"start":{"line":157,"column":46},"end":{"line":157,"column":50}}],"line":157},"44":{"loc":{"start":{"line":163,"column":4},"end":{"line":163,"column":86}},"type":"if","locations":[{"start":{"line":163,"column":4},"end":{"line":163,"column":86}},{"start":{},"end":{}}],"line":163},"45":{"loc":{"start":{"line":166,"column":4},"end":{"line":206,"column":5}},"type":"if","locations":[{"start":{"line":166,"column":4},"end":{"line":206,"column":5}},{"start":{},"end":{}}],"line":166},"46":{"loc":{"start":{"line":167,"column":6},"end":{"line":167,"column":135}},"type":"if","locations":[{"start":{"line":167,"column":6},"end":{"line":167,"column":135}},{"start":{},"end":{}}],"line":167},"47":{"loc":{"start":{"line":168,"column":27},"end":{"line":168,"column":37}},"type":"binary-expr","locations":[{"start":{"line":168,"column":27},"end":{"line":168,"column":31}},{"start":{"line":168,"column":35},"end":{"line":168,"column":37}}],"line":168},"48":{"loc":{"start":{"line":169,"column":6},"end":{"line":169,"column":86}},"type":"if","locations":[{"start":{"line":169,"column":6},"end":{"line":169,"column":86}},{"start":{},"end":{}}],"line":169},"49":{"loc":{"start":{"line":182,"column":24},"end":{"line":182,"column":69}},"type":"binary-expr","locations":[{"start":{"line":182,"column":24},"end":{"line":182,"column":61}},{"start":{"line":182,"column":65},"end":{"line":182,"column":69}}],"line":182},"50":{"loc":{"start":{"line":184,"column":30},"end":{"line":184,"column":56}},"type":"cond-expr","locations":[{"start":{"line":184,"column":38},"end":{"line":184,"column":46}},{"start":{"line":184,"column":49},"end":{"line":184,"column":56}}],"line":184},"51":{"loc":{"start":{"line":191,"column":8},"end":{"line":193,"column":9}},"type":"if","locations":[{"start":{"line":191,"column":8},"end":{"line":193,"column":9}},{"start":{},"end":{}}],"line":191},"52":{"loc":{"start":{"line":196,"column":24},"end":{"line":196,"column":118}},"type":"cond-expr","locations":[{"start":{"line":196,"column":99},"end":{"line":196,"column":109}},{"start":{"line":196,"column":112},"end":{"line":196,"column":118}}],"line":196},"53":{"loc":{"start":{"line":199,"column":39},"end":{"line":199,"column":55}},"type":"binary-expr","locations":[{"start":{"line":199,"column":39},"end":{"line":199,"column":49}},{"start":{"line":199,"column":53},"end":{"line":199,"column":55}}],"line":199},"54":{"loc":{"start":{"line":210,"column":4},"end":{"line":238,"column":5}},"type":"if","locations":[{"start":{"line":210,"column":4},"end":{"line":238,"column":5}},{"start":{"line":225,"column":11},"end":{"line":238,"column":5}}],"line":210},"55":{"loc":{"start":{"line":212,"column":6},"end":{"line":214,"column":7}},"type":"if","locations":[{"start":{"line":212,"column":6},"end":{"line":214,"column":7}},{"start":{},"end":{}}],"line":212},"56":{"loc":{"start":{"line":217,"column":22},"end":{"line":217,"column":58}},"type":"cond-expr","locations":[{"start":{"line":217,"column":43},"end":{"line":217,"column":49}},{"start":{"line":217,"column":52},"end":{"line":217,"column":58}}],"line":217},"57":{"loc":{"start":{"line":220,"column":30},"end":{"line":220,"column":40}},"type":"binary-expr","locations":[{"start":{"line":220,"column":30},"end":{"line":220,"column":34}},{"start":{"line":220,"column":38},"end":{"line":220,"column":40}}],"line":220},"58":{"loc":{"start":{"line":220,"column":42},"end":{"line":220,"column":58}},"type":"binary-expr","locations":[{"start":{"line":220,"column":42},"end":{"line":220,"column":50}},{"start":{"line":220,"column":54},"end":{"line":220,"column":58}}],"line":220},"59":{"loc":{"start":{"line":220,"column":60},"end":{"line":220,"column":71}},"type":"binary-expr","locations":[{"start":{"line":220,"column":60},"end":{"line":220,"column":63}},{"start":{"line":220,"column":67},"end":{"line":220,"column":71}}],"line":220},"60":{"loc":{"start":{"line":220,"column":73},"end":{"line":220,"column":88}},"type":"binary-expr","locations":[{"start":{"line":220,"column":73},"end":{"line":220,"column":80}},{"start":{"line":220,"column":84},"end":{"line":220,"column":88}}],"line":220},"61":{"loc":{"start":{"line":222,"column":6},"end":{"line":224,"column":7}},"type":"if","locations":[{"start":{"line":222,"column":6},"end":{"line":224,"column":7}},{"start":{},"end":{}}],"line":222},"62":{"loc":{"start":{"line":222,"column":10},"end":{"line":222,"column":36}},"type":"binary-expr","locations":[{"start":{"line":222,"column":10},"end":{"line":222,"column":29}},{"start":{"line":222,"column":33},"end":{"line":222,"column":36}}],"line":222},"63":{"loc":{"start":{"line":225,"column":11},"end":{"line":238,"column":5}},"type":"if","locations":[{"start":{"line":225,"column":11},"end":{"line":238,"column":5}},{"start":{"line":227,"column":11},"end":{"line":238,"column":5}}],"line":225},"64":{"loc":{"start":{"line":227,"column":11},"end":{"line":238,"column":5}},"type":"if","locations":[{"start":{"line":227,"column":11},"end":{"line":238,"column":5}},{"start":{"line":229,"column":11},"end":{"line":238,"column":5}}],"line":227},"65":{"loc":{"start":{"line":229,"column":11},"end":{"line":238,"column":5}},"type":"if","locations":[{"start":{"line":229,"column":11},"end":{"line":238,"column":5}},{"start":{"line":232,"column":11},"end":{"line":238,"column":5}}],"line":229},"66":{"loc":{"start":{"line":232,"column":11},"end":{"line":238,"column":5}},"type":"if","locations":[{"start":{"line":232,"column":11},"end":{"line":238,"column":5}},{"start":{"line":234,"column":11},"end":{"line":238,"column":5}}],"line":232},"67":{"loc":{"start":{"line":234,"column":11},"end":{"line":238,"column":5}},"type":"if","locations":[{"start":{"line":234,"column":11},"end":{"line":238,"column":5}},{"start":{"line":236,"column":11},"end":{"line":238,"column":5}}],"line":234},"68":{"loc":{"start":{"line":235,"column":86},"end":{"line":235,"column":98}},"type":"binary-expr","locations":[{"start":{"line":235,"column":86},"end":{"line":235,"column":90}},{"start":{"line":235,"column":94},"end":{"line":235,"column":98}}],"line":235},"69":{"loc":{"start":{"line":236,"column":11},"end":{"line":238,"column":5}},"type":"if","locations":[{"start":{"line":236,"column":11},"end":{"line":238,"column":5}},{"start":{},"end":{}}],"line":236}},"s":{"0":1,"1":1,"2":1,"3":1,"4":17,"5":17,"6":12,"7":5,"8":1,"9":22,"10":22,"11":1,"12":17,"13":0,"14":17,"15":17,"16":17,"17":17,"18":0,"19":1,"20":14,"21":14,"22":0,"23":14,"24":14,"25":14,"26":14,"27":14,"28":14,"29":14,"30":14,"31":1,"32":14,"33":0,"34":14,"35":0,"36":0,"37":1,"38":19,"39":0,"40":0,"41":0,"42":0,"43":0,"44":0,"45":0,"46":0,"47":1,"48":23,"49":23,"50":23,"51":23,"52":1,"53":22,"54":22,"55":4,"56":2,"57":2,"58":1,"59":2,"60":2,"61":2,"62":18,"63":17,"64":17,"65":17,"66":17,"67":17,"68":17,"69":1,"70":1,"71":1,"72":1,"73":16,"74":1,"75":1,"76":1,"77":1,"78":1,"79":1,"80":1,"81":15,"82":2,"83":2,"84":1,"85":1,"86":1,"87":1,"88":13,"89":2,"90":11,"91":2,"92":1,"93":1,"94":1,"95":1,"96":0,"97":0,"98":0,"99":0,"100":0,"101":0,"102":0,"103":0,"104":0,"105":0,"106":0,"107":0,"108":0,"109":0,"110":0,"111":0,"112":0,"113":0,"114":0,"115":9,"116":9,"117":3,"118":3,"119":0,"120":3,"121":3,"122":3,"123":3,"124":3,"125":0,"126":6,"127":1,"128":5,"129":1,"130":4,"131":1,"132":1,"133":3,"134":1,"135":2,"136":1,"137":1,"138":1,"139":9,"140":9,"141":9,"142":1},"f":{"0":17,"1":22,"2":17,"3":14,"4":14,"5":0,"6":0,"7":19,"8":0,"9":23,"10":1},"b":{"0":[17,0],"1":[12,5],"2":[5,5,5],"3":[22,21,21],"4":[22,0],"5":[0,17],"6":[17,0],"7":[0,14],"8":[0,14],"9":[14,0],"10":[14,13],"11":[14,0],"12":[0,0],"13":[14,0],"14":[0,0,0],"15":[0,0],"16":[14,0],"17":[0,0],"18":[0,0],"19":[0,0],"20":[1,22],"21":[4,18],"22":[2,2],"23":[1,0],"24":[1,0],"25":[17,1],"26":[17,0],"27":[17,17],"28":[17,0],"29":[1,16],"30":[1,0,0],"31":[1,0],"32":[1,0],"33":[1,15],"34":[1,0],"35":[1,0],"36":[1,0],"37":[1,0],"38":[1,0],"39":[2,13],"40":[2,0],"41":[1,1],"42":[1,0],"43":[1,1],"44":[2,11],"45":[2,9],"46":[1,1],"47":[1,0],"48":[1,0],"49":[0,0],"50":[0,0],"51":[0,0],"52":[0,0],"53":[0,0],"54":[3,6],"55":[0,3],"56":[1,2],"57":[3,0],"58":[3,3],"59":[3,3],"60":[3,3],"61":[0,3],"62":[3,0],"63":[1,5],"64":[1,4],"65":[1,3],"66":[1,2],"67":[1,1],"68":[1,0],"69":[1,0]},"_coverageSchema":"1a1c01bbd47fc00a2c39e90264f33305004495a9","hash":"b480af9d2d3be86c5b414cac9471b8f7254afe21"}
,"/home/kingofyadav/dev/projects/Profile/api/push.js": {"path":"/home/kingofyadav/dev/projects/Profile/api/push.js","statementMap":{"0":{"start":{"line":3,"column":16},"end":{"line":3,"column":35}},"1":{"start":{"line":4,"column":22},"end":{"line":4,"column":44}},"2":{"start":{"line":5,"column":16},"end":{"line":5,"column":36}},"3":{"start":{"line":7,"column":22},"end":{"line":7,"column":50}},"4":{"start":{"line":8,"column":22},"end":{"line":8,"column":50}},"5":{"start":{"line":9,"column":22},"end":{"line":9,"column":51}},"6":{"start":{"line":10,"column":22},"end":{"line":10,"column":84}},"7":{"start":{"line":12,"column":0},"end":{"line":14,"column":1}},"8":{"start":{"line":13,"column":2},"end":{"line":13,"column":64}},"9":{"start":{"line":16,"column":18},"end":{"line":19,"column":1}},"10":{"start":{"line":17,"column":15},"end":{"line":17,"column":74}},"11":{"start":{"line":18,"column":2},"end":{"line":18,"column":33}},"12":{"start":{"line":21,"column":0},"end":{"line":80,"column":2}},"13":{"start":{"line":22,"column":2},"end":{"line":22,"column":52}},"14":{"start":{"line":23,"column":2},"end":{"line":23,"column":78}},"15":{"start":{"line":24,"column":2},"end":{"line":24,"column":79}},"16":{"start":{"line":25,"column":2},"end":{"line":25,"column":61}},"17":{"start":{"line":25,"column":32},"end":{"line":25,"column":61}},"18":{"start":{"line":26,"column":2},"end":{"line":26,"column":58}},"19":{"start":{"line":26,"column":51},"end":{"line":26,"column":58}},"20":{"start":{"line":28,"column":2},"end":{"line":30,"column":3}},"21":{"start":{"line":29,"column":4},"end":{"line":29,"column":67}},"22":{"start":{"line":32,"column":21},"end":{"line":32,"column":35}},"23":{"start":{"line":34,"column":2},"end":{"line":45,"column":3}},"24":{"start":{"line":35,"column":41},"end":{"line":35,"column":55}},"25":{"start":{"line":36,"column":4},"end":{"line":38,"column":5}},"26":{"start":{"line":37,"column":6},"end":{"line":37,"column":87}},"27":{"start":{"line":39,"column":4},"end":{"line":43,"column":61}},"28":{"start":{"line":44,"column":4},"end":{"line":44,"column":34}},"29":{"start":{"line":47,"column":2},"end":{"line":71,"column":3}},"30":{"start":{"line":48,"column":4},"end":{"line":48,"column":91}},"31":{"start":{"line":48,"column":25},"end":{"line":48,"column":91}},"32":{"start":{"line":49,"column":4},"end":{"line":49,"column":115}},"33":{"start":{"line":49,"column":41},"end":{"line":49,"column":115}},"34":{"start":{"line":51,"column":102},"end":{"line":51,"column":110}},"35":{"start":{"line":52,"column":20},"end":{"line":52,"column":101}},"36":{"start":{"line":54,"column":21},"end":{"line":54,"column":71}},"37":{"start":{"line":55,"column":15},"end":{"line":55,"column":16}},"38":{"start":{"line":55,"column":27},"end":{"line":55,"column":28}},"39":{"start":{"line":56,"column":4},"end":{"line":69,"column":8}},"40":{"start":{"line":57,"column":6},"end":{"line":68,"column":7}},"41":{"start":{"line":58,"column":8},"end":{"line":61,"column":10}},"42":{"start":{"line":62,"column":8},"end":{"line":62,"column":15}},"43":{"start":{"line":64,"column":8},"end":{"line":64,"column":17}},"44":{"start":{"line":65,"column":8},"end":{"line":67,"column":9}},"45":{"start":{"line":66,"column":10},"end":{"line":66,"column":93}},"46":{"start":{"line":70,"column":4},"end":{"line":70,"column":48}},"47":{"start":{"line":73,"column":2},"end":{"line":77,"column":3}},"48":{"start":{"line":74,"column":25},"end":{"line":74,"column":39}},"49":{"start":{"line":75,"column":4},"end":{"line":75,"column":97}},"50":{"start":{"line":75,"column":18},"end":{"line":75,"column":97}},"51":{"start":{"line":76,"column":4},"end":{"line":76,"column":34}},"52":{"start":{"line":79,"column":2},"end":{"line":79,"column":63}}},"fnMap":{"0":{"name":"(anonymous_0)","decl":{"start":{"line":16,"column":18},"end":{"line":16,"column":19}},"loc":{"start":{"line":16,"column":25},"end":{"line":19,"column":1}},"line":16},"1":{"name":"(anonymous_1)","decl":{"start":{"line":21,"column":17},"end":{"line":21,"column":18}},"loc":{"start":{"line":21,"column":37},"end":{"line":80,"column":1}},"line":21},"2":{"name":"(anonymous_2)","decl":{"start":{"line":56,"column":38},"end":{"line":56,"column":39}},"loc":{"start":{"line":56,"column":51},"end":{"line":69,"column":5}},"line":56}},"branchMap":{"0":{"loc":{"start":{"line":10,"column":22},"end":{"line":10,"column":84}},"type":"binary-expr","locations":[{"start":{"line":10,"column":22},"end":{"line":10,"column":47}},{"start":{"line":10,"column":51},"end":{"line":10,"column":84}}],"line":10},"1":{"loc":{"start":{"line":12,"column":0},"end":{"line":14,"column":1}},"type":"if","locations":[{"start":{"line":12,"column":0},"end":{"line":14,"column":1}},{"start":{},"end":{}}],"line":12},"2":{"loc":{"start":{"line":12,"column":4},"end":{"line":12,"column":33}},"type":"binary-expr","locations":[{"start":{"line":12,"column":4},"end":{"line":12,"column":16}},{"start":{"line":12,"column":20},"end":{"line":12,"column":33}}],"line":12},"3":{"loc":{"start":{"line":17,"column":16},"end":{"line":17,"column":50}},"type":"binary-expr","locations":[{"start":{"line":17,"column":16},"end":{"line":17,"column":44}},{"start":{"line":17,"column":48},"end":{"line":17,"column":50}}],"line":17},"4":{"loc":{"start":{"line":18,"column":9},"end":{"line":18,"column":32}},"type":"binary-expr","locations":[{"start":{"line":18,"column":9},"end":{"line":18,"column":14}},{"start":{"line":18,"column":18},"end":{"line":18,"column":32}}],"line":18},"5":{"loc":{"start":{"line":25,"column":2},"end":{"line":25,"column":61}},"type":"if","locations":[{"start":{"line":25,"column":2},"end":{"line":25,"column":61}},{"start":{},"end":{}}],"line":25},"6":{"loc":{"start":{"line":26,"column":2},"end":{"line":26,"column":58}},"type":"if","locations":[{"start":{"line":26,"column":2},"end":{"line":26,"column":58}},{"start":{},"end":{}}],"line":26},"7":{"loc":{"start":{"line":26,"column":6},"end":{"line":26,"column":49}},"type":"binary-expr","locations":[{"start":{"line":26,"column":6},"end":{"line":26,"column":26}},{"start":{"line":26,"column":30},"end":{"line":26,"column":49}}],"line":26},"8":{"loc":{"start":{"line":28,"column":2},"end":{"line":30,"column":3}},"type":"if","locations":[{"start":{"line":28,"column":2},"end":{"line":30,"column":3}},{"start":{},"end":{}}],"line":28},"9":{"loc":{"start":{"line":29,"column":43},"end":{"line":29,"column":63}},"type":"binary-expr","locations":[{"start":{"line":29,"column":43},"end":{"line":29,"column":55}},{"start":{"line":29,"column":59},"end":{"line":29,"column":63}}],"line":29},"10":{"loc":{"start":{"line":32,"column":21},"end":{"line":32,"column":35}},"type":"binary-expr","locations":[{"start":{"line":32,"column":21},"end":{"line":32,"column":29}},{"start":{"line":32,"column":33},"end":{"line":32,"column":35}}],"line":32},"11":{"loc":{"start":{"line":34,"column":2},"end":{"line":45,"column":3}},"type":"if","locations":[{"start":{"line":34,"column":2},"end":{"line":45,"column":3}},{"start":{},"end":{}}],"line":34},"12":{"loc":{"start":{"line":34,"column":6},"end":{"line":34,"column":53}},"type":"binary-expr","locations":[{"start":{"line":34,"column":6},"end":{"line":34,"column":27}},{"start":{"line":34,"column":31},"end":{"line":34,"column":53}}],"line":34},"13":{"loc":{"start":{"line":35,"column":41},"end":{"line":35,"column":55}},"type":"binary-expr","locations":[{"start":{"line":35,"column":41},"end":{"line":35,"column":49}},{"start":{"line":35,"column":53},"end":{"line":35,"column":55}}],"line":35},"14":{"loc":{"start":{"line":36,"column":4},"end":{"line":38,"column":5}},"type":"if","locations":[{"start":{"line":36,"column":4},"end":{"line":38,"column":5}},{"start":{},"end":{}}],"line":36},"15":{"loc":{"start":{"line":36,"column":8},"end":{"line":36,"column":49}},"type":"binary-expr","locations":[{"start":{"line":36,"column":8},"end":{"line":36,"column":17}},{"start":{"line":36,"column":21},"end":{"line":36,"column":34}},{"start":{"line":36,"column":38},"end":{"line":36,"column":49}}],"line":36},"16":{"loc":{"start":{"line":43,"column":42},"end":{"line":43,"column":58}},"type":"binary-expr","locations":[{"start":{"line":43,"column":42},"end":{"line":43,"column":50}},{"start":{"line":43,"column":54},"end":{"line":43,"column":58}}],"line":43},"17":{"loc":{"start":{"line":47,"column":2},"end":{"line":71,"column":3}},"type":"if","locations":[{"start":{"line":47,"column":2},"end":{"line":71,"column":3}},{"start":{},"end":{}}],"line":47},"18":{"loc":{"start":{"line":47,"column":6},"end":{"line":47,"column":50}},"type":"binary-expr","locations":[{"start":{"line":47,"column":6},"end":{"line":47,"column":27}},{"start":{"line":47,"column":31},"end":{"line":47,"column":50}}],"line":47},"19":{"loc":{"start":{"line":48,"column":4},"end":{"line":48,"column":91}},"type":"if","locations":[{"start":{"line":48,"column":4},"end":{"line":48,"column":91}},{"start":{},"end":{}}],"line":48},"20":{"loc":{"start":{"line":49,"column":4},"end":{"line":49,"column":115}},"type":"if","locations":[{"start":{"line":49,"column":4},"end":{"line":49,"column":115}},{"start":{},"end":{}}],"line":49},"21":{"loc":{"start":{"line":49,"column":8},"end":{"line":49,"column":39}},"type":"binary-expr","locations":[{"start":{"line":49,"column":8},"end":{"line":49,"column":21}},{"start":{"line":49,"column":25},"end":{"line":49,"column":39}}],"line":49},"22":{"loc":{"start":{"line":51,"column":12},"end":{"line":51,"column":32}},"type":"default-arg","locations":[{"start":{"line":51,"column":20},"end":{"line":51,"column":32}}],"line":51},"23":{"loc":{"start":{"line":51,"column":34},"end":{"line":51,"column":65}},"type":"default-arg","locations":[{"start":{"line":51,"column":41},"end":{"line":51,"column":65}}],"line":51},"24":{"loc":{"start":{"line":51,"column":67},"end":{"line":51,"column":97}},"type":"default-arg","locations":[{"start":{"line":51,"column":73},"end":{"line":51,"column":97}}],"line":51},"25":{"loc":{"start":{"line":65,"column":8},"end":{"line":67,"column":9}},"type":"if","locations":[{"start":{"line":65,"column":8},"end":{"line":67,"column":9}},{"start":{},"end":{}}],"line":65},"26":{"loc":{"start":{"line":65,"column":12},"end":{"line":65,"column":60}},"type":"binary-expr","locations":[{"start":{"line":65,"column":12},"end":{"line":65,"column":34}},{"start":{"line":65,"column":38},"end":{"line":65,"column":60}}],"line":65},"27":{"loc":{"start":{"line":73,"column":2},"end":{"line":77,"column":3}},"type":"if","locations":[{"start":{"line":73,"column":2},"end":{"line":77,"column":3}},{"start":{},"end":{}}],"line":73},"28":{"loc":{"start":{"line":74,"column":25},"end":{"line":74,"column":39}},"type":"binary-expr","locations":[{"start":{"line":74,"column":25},"end":{"line":74,"column":33}},{"start":{"line":74,"column":37},"end":{"line":74,"column":39}}],"line":74},"29":{"loc":{"start":{"line":75,"column":4},"end":{"line":75,"column":97}},"type":"if","locations":[{"start":{"line":75,"column":4},"end":{"line":75,"column":97}},{"start":{},"end":{}}],"line":75}},"s":{"0":1,"1":1,"2":1,"3":1,"4":1,"5":1,"6":1,"7":1,"8":1,"9":1,"10":3,"11":3,"12":1,"13":11,"14":11,"15":11,"16":11,"17":1,"18":10,"19":0,"20":10,"21":1,"22":9,"23":9,"24":3,"25":3,"26":2,"27":1,"28":1,"29":6,"30":3,"31":1,"32":2,"33":0,"34":2,"35":2,"36":2,"37":2,"38":2,"39":2,"40":3,"41":3,"42":2,"43":1,"44":1,"45":1,"46":2,"47":3,"48":2,"49":2,"50":1,"51":2,"52":1},"f":{"0":3,"1":11,"2":3},"b":{"0":[1,0],"1":[1,0],"2":[1,1],"3":[3,0],"4":[3,3],"5":[1,10],"6":[0,10],"7":[10,9],"8":[1,9],"9":[1,0],"10":[9,0],"11":[3,6],"12":[9,7],"13":[3,0],"14":[2,1],"15":[3,2,1],"16":[1,0],"17":[3,3],"18":[6,4],"19":[1,2],"20":[0,2],"21":[2,2],"22":[1],"23":[2],"24":[2],"25":[1,0],"26":[1,0],"27":[2,1],"28":[2,0],"29":[1,1]},"_coverageSchema":"1a1c01bbd47fc00a2c39e90264f33305004495a9","hash":"ae719ce0a10981b5e26aac60fa09240db9988b94"}
,"/home/kingofyadav/dev/projects/Profile/api/upi-payment.js": {"path":"/home/kingofyadav/dev/projects/Profile/api/upi-payment.js","statementMap":{"0":{"start":{"line":3,"column":22},"end":{"line":3,"column":44}},"1":{"start":{"line":5,"column":0},"end":{"line":32,"column":2}},"2":{"start":{"line":6,"column":2},"end":{"line":6,"column":73}},"3":{"start":{"line":7,"column":2},"end":{"line":7,"column":65}},"4":{"start":{"line":8,"column":2},"end":{"line":8,"column":64}},"5":{"start":{"line":10,"column":2},"end":{"line":10,"column":61}},"6":{"start":{"line":10,"column":32},"end":{"line":10,"column":61}},"7":{"start":{"line":11,"column":2},"end":{"line":11,"column":90}},"8":{"start":{"line":11,"column":29},"end":{"line":11,"column":90}},"9":{"start":{"line":12,"column":2},"end":{"line":12,"column":34}},"10":{"start":{"line":12,"column":27},"end":{"line":12,"column":34}},"11":{"start":{"line":14,"column":15},"end":{"line":14,"column":23}},"12":{"start":{"line":15,"column":2},"end":{"line":17,"column":3}},"13":{"start":{"line":16,"column":4},"end":{"line":16,"column":62}},"14":{"start":{"line":19,"column":18},"end":{"line":19,"column":59}},"15":{"start":{"line":21,"column":2},"end":{"line":25,"column":6}},"16":{"start":{"line":27,"column":2},"end":{"line":31,"column":5}}},"fnMap":{"0":{"name":"handler","decl":{"start":{"line":5,"column":32},"end":{"line":5,"column":39}},"loc":{"start":{"line":5,"column":50},"end":{"line":32,"column":1}},"line":5}},"branchMap":{"0":{"loc":{"start":{"line":10,"column":2},"end":{"line":10,"column":61}},"type":"if","locations":[{"start":{"line":10,"column":2},"end":{"line":10,"column":61}},{"start":{},"end":{}}],"line":10},"1":{"loc":{"start":{"line":11,"column":2},"end":{"line":11,"column":90}},"type":"if","locations":[{"start":{"line":11,"column":2},"end":{"line":11,"column":90}},{"start":{},"end":{}}],"line":11},"2":{"loc":{"start":{"line":12,"column":2},"end":{"line":12,"column":34}},"type":"if","locations":[{"start":{"line":12,"column":2},"end":{"line":12,"column":34}},{"start":{},"end":{}}],"line":12},"3":{"loc":{"start":{"line":15,"column":2},"end":{"line":17,"column":3}},"type":"if","locations":[{"start":{"line":15,"column":2},"end":{"line":17,"column":3}},{"start":{},"end":{}}],"line":15},"4":{"loc":{"start":{"line":15,"column":6},"end":{"line":15,"column":28}},"type":"binary-expr","locations":[{"start":{"line":15,"column":6},"end":{"line":15,"column":11}},{"start":{"line":15,"column":15},"end":{"line":15,"column":28}}],"line":15},"5":{"loc":{"start":{"line":19,"column":18},"end":{"line":19,"column":59}},"type":"binary-expr","locations":[{"start":{"line":19,"column":18},"end":{"line":19,"column":27}},{"start":{"line":19,"column":31},"end":{"line":19,"column":59}}],"line":19},"6":{"loc":{"start":{"line":22,"column":11},"end":{"line":22,"column":67}},"type":"cond-expr","locations":[{"start":{"line":22,"column":21},"end":{"line":22,"column":42}},{"start":{"line":22,"column":45},"end":{"line":22,"column":67}}],"line":22},"7":{"loc":{"start":{"line":30,"column":13},"end":{"line":30,"column":74}},"type":"cond-expr","locations":[{"start":{"line":30,"column":23},"end":{"line":30,"column":48}},{"start":{"line":30,"column":51},"end":{"line":30,"column":74}}],"line":30}},"s":{"0":1,"1":1,"2":7,"3":7,"4":7,"5":7,"6":1,"7":6,"8":1,"9":5,"10":0,"11":5,"12":5,"13":2,"14":3,"15":3,"16":3},"f":{"0":7},"b":{"0":[1,6],"1":[1,5],"2":[0,5],"3":[2,3],"4":[5,4],"5":[3,2],"6":[2,1],"7":[2,1]},"_coverageSchema":"1a1c01bbd47fc00a2c39e90264f33305004495a9","hash":"b6c91b96b6850a2ecb3628ae8952e67ee8c4a711"}
,"/home/kingofyadav/dev/projects/Profile/api/verify.js": {"path":"/home/kingofyadav/dev/projects/Profile/api/verify.js","statementMap":{"0":{"start":{"line":3,"column":11},"end":{"line":3,"column":31}},"1":{"start":{"line":5,"column":0},"end":{"line":64,"column":2}},"2":{"start":{"line":6,"column":2},"end":{"line":6,"column":52}},"3":{"start":{"line":7,"column":2},"end":{"line":7,"column":56}},"4":{"start":{"line":9,"column":13},"end":{"line":9,"column":53}},"5":{"start":{"line":10,"column":2},"end":{"line":10,"column":76}},"6":{"start":{"line":10,"column":11},"end":{"line":10,"column":76}},"7":{"start":{"line":13,"column":32},"end":{"line":16,"column":3}},"8":{"start":{"line":18,"column":2},"end":{"line":39,"column":3}},"9":{"start":{"line":19,"column":17},"end":{"line":19,"column":31}},"10":{"start":{"line":20,"column":17},"end":{"line":20,"column":35}},"11":{"start":{"line":21,"column":4},"end":{"line":38,"column":7}},"12":{"start":{"line":42,"column":30},"end":{"line":45,"column":3}},"13":{"start":{"line":47,"column":2},"end":{"line":61,"column":3}},"14":{"start":{"line":48,"column":18},"end":{"line":48,"column":30}},"15":{"start":{"line":49,"column":4},"end":{"line":60,"column":7}},"16":{"start":{"line":63,"column":2},"end":{"line":63,"column":74}}},"fnMap":{"0":{"name":"(anonymous_0)","decl":{"start":{"line":5,"column":17},"end":{"line":5,"column":18}},"loc":{"start":{"line":5,"column":37},"end":{"line":64,"column":1}},"line":5}},"branchMap":{"0":{"loc":{"start":{"line":9,"column":13},"end":{"line":9,"column":53}},"type":"binary-expr","locations":[{"start":{"line":9,"column":13},"end":{"line":9,"column":25}},{"start":{"line":9,"column":29},"end":{"line":9,"column":53}}],"line":9},"1":{"loc":{"start":{"line":10,"column":2},"end":{"line":10,"column":76}},"type":"if","locations":[{"start":{"line":10,"column":2},"end":{"line":10,"column":76}},{"start":{},"end":{}}],"line":10},"2":{"loc":{"start":{"line":18,"column":2},"end":{"line":39,"column":3}},"type":"if","locations":[{"start":{"line":18,"column":2},"end":{"line":39,"column":3}},{"start":{},"end":{}}],"line":18},"3":{"loc":{"start":{"line":20,"column":17},"end":{"line":20,"column":35}},"type":"binary-expr","locations":[{"start":{"line":20,"column":17},"end":{"line":20,"column":29}},{"start":{"line":20,"column":33},"end":{"line":20,"column":35}}],"line":20},"4":{"loc":{"start":{"line":26,"column":20},"end":{"line":26,"column":46}},"type":"binary-expr","locations":[{"start":{"line":26,"column":20},"end":{"line":26,"column":30}},{"start":{"line":26,"column":36},"end":{"line":26,"column":46}}],"line":26},"5":{"loc":{"start":{"line":27,"column":20},"end":{"line":27,"column":45}},"type":"binary-expr","locations":[{"start":{"line":27,"column":20},"end":{"line":27,"column":29}},{"start":{"line":27,"column":36},"end":{"line":27,"column":45}}],"line":27},"6":{"loc":{"start":{"line":28,"column":20},"end":{"line":28,"column":41}},"type":"binary-expr","locations":[{"start":{"line":28,"column":20},"end":{"line":28,"column":33}},{"start":{"line":28,"column":37},"end":{"line":28,"column":41}}],"line":28},"7":{"loc":{"start":{"line":29,"column":20},"end":{"line":29,"column":51}},"type":"binary-expr","locations":[{"start":{"line":29,"column":20},"end":{"line":29,"column":31}},{"start":{"line":29,"column":36},"end":{"line":29,"column":51}}],"line":29},"8":{"loc":{"start":{"line":30,"column":20},"end":{"line":30,"column":50}},"type":"binary-expr","locations":[{"start":{"line":30,"column":20},"end":{"line":30,"column":32}},{"start":{"line":30,"column":36},"end":{"line":30,"column":50}}],"line":30},"9":{"loc":{"start":{"line":32,"column":20},"end":{"line":32,"column":53}},"type":"binary-expr","locations":[{"start":{"line":32,"column":20},"end":{"line":32,"column":32}},{"start":{"line":32,"column":36},"end":{"line":32,"column":53}}],"line":32},"10":{"loc":{"start":{"line":33,"column":20},"end":{"line":33,"column":40}},"type":"binary-expr","locations":[{"start":{"line":33,"column":20},"end":{"line":33,"column":28}},{"start":{"line":33,"column":36},"end":{"line":33,"column":40}}],"line":33},"11":{"loc":{"start":{"line":34,"column":20},"end":{"line":34,"column":44}},"type":"binary-expr","locations":[{"start":{"line":34,"column":20},"end":{"line":34,"column":36}},{"start":{"line":34,"column":40},"end":{"line":34,"column":44}}],"line":34},"12":{"loc":{"start":{"line":35,"column":20},"end":{"line":35,"column":41}},"type":"binary-expr","locations":[{"start":{"line":35,"column":20},"end":{"line":35,"column":33}},{"start":{"line":35,"column":37},"end":{"line":35,"column":41}}],"line":35},"13":{"loc":{"start":{"line":47,"column":2},"end":{"line":61,"column":3}},"type":"if","locations":[{"start":{"line":47,"column":2},"end":{"line":61,"column":3}},{"start":{},"end":{}}],"line":47}},"s":{"0":1,"1":1,"2":5,"3":5,"4":5,"5":5,"6":1,"7":4,"8":4,"9":2,"10":2,"11":2,"12":2,"13":2,"14":1,"15":1,"16":1},"f":{"0":5},"b":{"0":[5,1],"1":[1,4],"2":[2,2],"3":[2,0],"4":[2,1],"5":[2,1],"6":[2,2],"7":[2,1],"8":[2,1],"9":[2,1],"10":[2,1],"11":[2,1],"12":[2,1],"13":[1,1]},"_coverageSchema":"1a1c01bbd47fc00a2c39e90264f33305004495a9","hash":"1dba5429e7d6087f3f75a437d7e79f424a090bef"}
,"/home/kingofyadav/dev/projects/Profile/api/auth/_proxy.js": {"path":"/home/kingofyadav/dev/projects/Profile/api/auth/_proxy.js","statementMap":{"0":{"start":{"line":3,"column":31},"end":{"line":3,"column":58}},"1":{"start":{"line":6,"column":14},"end":{"line":6,"column":108}},"2":{"start":{"line":7,"column":2},"end":{"line":7,"column":33}},"3":{"start":{"line":11,"column":15},"end":{"line":11,"column":32}},"4":{"start":{"line":12,"column":19},"end":{"line":19,"column":4}},"5":{"start":{"line":21,"column":15},"end":{"line":21,"column":36}},"6":{"start":{"line":22,"column":2},"end":{"line":22,"column":35}},"7":{"start":{"line":23,"column":2},"end":{"line":23,"column":107}},"8":{"start":{"line":24,"column":2},"end":{"line":24,"column":56}},"9":{"start":{"line":25,"column":2},"end":{"line":25,"column":16}},"10":{"start":{"line":28,"column":0},"end":{"line":31,"column":2}}},"fnMap":{"0":{"name":"getUpstreamBase","decl":{"start":{"line":5,"column":9},"end":{"line":5,"column":24}},"loc":{"start":{"line":5,"column":27},"end":{"line":8,"column":1}},"line":5},"1":{"name":"proxyJson","decl":{"start":{"line":10,"column":15},"end":{"line":10,"column":24}},"loc":{"start":{"line":10,"column":53},"end":{"line":26,"column":1}},"line":10}},"branchMap":{"0":{"loc":{"start":{"line":6,"column":21},"end":{"line":6,"column":100}},"type":"binary-expr","locations":[{"start":{"line":6,"column":21},"end":{"line":6,"column":45}},{"start":{"line":6,"column":49},"end":{"line":6,"column":74}},{"start":{"line":6,"column":78},"end":{"line":6,"column":100}}],"line":6},"1":{"loc":{"start":{"line":17,"column":25},"end":{"line":17,"column":35}},"type":"binary-expr","locations":[{"start":{"line":17,"column":25},"end":{"line":17,"column":29}},{"start":{"line":17,"column":33},"end":{"line":17,"column":35}}],"line":17},"2":{"loc":{"start":{"line":23,"column":32},"end":{"line":23,"column":105}},"type":"binary-expr","locations":[{"start":{"line":23,"column":32},"end":{"line":23,"column":68}},{"start":{"line":23,"column":72},"end":{"line":23,"column":105}}],"line":23}},"s":{"0":6,"1":9,"2":9,"3":4,"4":4,"5":4,"6":4,"7":4,"8":4,"9":4,"10":6},"f":{"0":9,"1":4},"b":{"0":[9,6,5],"1":[4,0],"2":[4,2]},"_coverageSchema":"1a1c01bbd47fc00a2c39e90264f33305004495a9","hash":"0503baf271ec6f6ea0ea52f38938d133fb57aa4f"}
,"/home/kingofyadav/dev/projects/Profile/api/auth/request-otp.js": {"path":"/home/kingofyadav/dev/projects/Profile/api/auth/request-otp.js","statementMap":{"0":{"start":{"line":3,"column":39},"end":{"line":3,"column":58}},"1":{"start":{"line":4,"column":31},"end":{"line":4,"column":54}},"2":{"start":{"line":7,"column":2},"end":{"line":7,"column":26}},"3":{"start":{"line":8,"column":2},"end":{"line":8,"column":67}},"4":{"start":{"line":9,"column":2},"end":{"line":9,"column":56}},"5":{"start":{"line":10,"column":2},"end":{"line":10,"column":35}},"6":{"start":{"line":13,"column":0},"end":{"line":44,"column":2}},"7":{"start":{"line":14,"column":2},"end":{"line":14,"column":42}},"8":{"start":{"line":16,"column":2},"end":{"line":20,"column":3}},"9":{"start":{"line":17,"column":4},"end":{"line":17,"column":25}},"10":{"start":{"line":18,"column":4},"end":{"line":18,"column":14}},"11":{"start":{"line":19,"column":4},"end":{"line":19,"column":11}},"12":{"start":{"line":22,"column":2},"end":{"line":25,"column":3}},"13":{"start":{"line":23,"column":4},"end":{"line":23,"column":63}},"14":{"start":{"line":24,"column":4},"end":{"line":24,"column":11}},"15":{"start":{"line":27,"column":15},"end":{"line":27,"column":29}},"16":{"start":{"line":29,"column":2},"end":{"line":34,"column":3}},"17":{"start":{"line":30,"column":4},"end":{"line":30,"column":58}},"18":{"start":{"line":32,"column":4},"end":{"line":32,"column":54}},"19":{"start":{"line":33,"column":4},"end":{"line":33,"column":11}},"20":{"start":{"line":36,"column":2},"end":{"line":43,"column":3}},"21":{"start":{"line":37,"column":4},"end":{"line":37,"column":71}},"22":{"start":{"line":39,"column":4},"end":{"line":42,"column":7}}},"fnMap":{"0":{"name":"send","decl":{"start":{"line":6,"column":9},"end":{"line":6,"column":13}},"loc":{"start":{"line":6,"column":36},"end":{"line":11,"column":1}},"line":6},"1":{"name":"handler","decl":{"start":{"line":13,"column":32},"end":{"line":13,"column":39}},"loc":{"start":{"line":13,"column":50},"end":{"line":44,"column":1}},"line":13}},"branchMap":{"0":{"loc":{"start":{"line":16,"column":2},"end":{"line":20,"column":3}},"type":"if","locations":[{"start":{"line":16,"column":2},"end":{"line":20,"column":3}},{"start":{},"end":{}}],"line":16},"1":{
[...]
ne":229,"column":72},"end":{"line":229,"column":79}},"161":{"start":{"line":230,"column":8},"end":{"line":230,"column":109}},"162":{"start":{"line":230,"column":50},"end":{"line":230,"column":99}},"163":{"start":{"line":230,"column":100},"end":{"line":230,"column":107}},"164":{"start":{"line":232,"column":23},"end":{"line":232,"column":41}},"165":{"start":{"line":233,"column":8},"end":{"line":263,"column":9}},"166":{"start":{"line":234,"column":10},"end":{"line":234,"column":38}},"167":{"start":{"line":236,"column":30},"end":{"line":238,"column":11}},"168":{"start":{"line":239,"column":10},"end":{"line":243,"column":11}},"169":{"start":{"line":240,"column":12},"end":{"line":240,"column":43}},"170":{"start":{"line":241,"column":12},"end":{"line":241,"column":78}},"171":{"start":{"line":242,"column":12},"end":{"line":242,"column":19}},"172":{"start":{"line":244,"column":10},"end":{"line":247,"column":12}},"173":{"start":{"line":248,"column":10},"end":{"line":251,"column":12}},"174":{"start":{"line":252,"column":27},"end":{"line":255,"column":11}},"175":{"start":{"line":256,"column":10},"end":{"line":256,"column":39}},"176":{"start":{"line":257,"column":10},"end":{"line":257,"column":32}},"177":{"start":{"line":259,"column":10},"end":{"line":259,"column":57}},"178":{"start":{"line":260,"column":10},"end":{"line":260,"column":22}},"179":{"start":{"line":262,"column":10},"end":{"line":262,"column":27}},"180":{"start":{"line":264,"column":8},"end":{"line":264,"column":15}},"181":{"start":{"line":266,"column":6},"end":{"line":266,"column":50}},"182":{"start":{"line":267,"column":6},"end":{"line":267,"column":13}},"183":{"start":{"line":270,"column":4},"end":{"line":270,"column":58}},"184":{"start":{"line":272,"column":4},"end":{"line":272,"column":39}},"185":{"start":{"line":273,"column":4},"end":{"line":273,"column":26}}},"fnMap":{"0":{"name":"checkAuth","decl":{"start":{"line":20,"column":9},"end":{"line":20,"column":18}},"loc":{"start":{"line":20,"column":29},"end":{"line":26,"column":1}},"line":20},"1":{"name":"parseSegments","decl":{"start":{"line":28,"column":9},"end":{"line":28,"column":22}},"loc":{"start":{"line":28,"column":28},"end":{"line":33,"column":1}},"line":28},"2":{"name":"readBody","decl":{"start":{"line":35,"column":15},"end":{"line":35,"column":23}},"loc":{"start":{"line":35,"column":29},"end":{"line":42,"column":1}},"line":35},"3":{"name":"(anonymous_3)","decl":{"start":{"line":36,"column":21},"end":{"line":36,"column":22}},"loc":{"start":{"line":36,"column":42},"end":{"line":41,"column":3}},"line":36},"4":{"name":"(anonymous_4)","decl":{"start":{"line":38,"column":19},"end":{"line":38,"column":20}},"loc":{"start":{"line":38,"column":24},"end":{"line":38,"column":149}},"line":38},"5":{"name":"(anonymous_5)","decl":{"start":{"line":39,"column":18},"end":{"line":39,"column":19}},"loc":{"start":{"line":39,"column":24},"end":{"line":39,"column":154}},"line":39},"6":{"name":"handler","decl":{"start":{"line":44,"column":32},"end":{"line":44,"column":39}},"loc":{"start":{"line":44,"column":50},"end":{"line":275,"column":1}},"line":44},"7":{"name":"(anonymous_7)","decl":{"start":{"line":259,"column":47},"end":{"line":259,"column":48}},"loc":{"start":{"line":259,"column":53},"end":{"line":259,"column":55}},"line":259}},"branchMap":{"0":{"loc":{"start":{"line":14,"column":7},"end":{"line":14,"column":83}},"type":"cond-expr","locations":[{"start":{"line":14,"column":46},"end":{"line":14,"column":51}},{"start":{"line":14,"column":54},"end":{"line":14,"column":83}}],"line":14},"1":{"loc":{"start":{"line":22,"column":2},"end":{"line":22,"column":87}},"type":"if","locations":[{"start":{"line":22,"column":2},"end":{"line":22,"column":87}},{"start":{},"end":{}}],"line":22},"2":{"loc":{"start":{"line":23,"column":2},"end":{"line":23,"column":68}},"type":"if","locations":[{"start":{"line":23,"column":2},"end":{"line":23,"column":68}},{"start":{},"end":{}}],"line":23},"3":{"loc":{"start":{"line":38,"column":36},"end":{"line":38,"column":147}},"type":"if","locations":[{"start":{"line":38,"column":36},"end":{"line":38,"column":147}},{"start":{},"end":{}}],"line":38},"4":{"loc":{"start":{"line":39,"column":40},"end":{"line":39,"column":66}},"type":"cond-expr","locations":[{"start":{"line":39,"column":46},"end":{"line":39,"column":61}},{"start":{"line":39,"column":64},"end":{"line":39,"column":66}}],"line":39},"5":{"loc":{"start":{"line":45,"column":2},"end":{"line":45,"column":94}},"type":"if","locations":[{"start":{"line":45,"column":2},"end":{"line":45,"column":94}},{"start":{},"end":{}}],"line":45},"6":{"loc":{"start":{"line":46,"column":2},"end":{"line":46,"column":35}},"type":"if","locations":[{"start":{"line":46,"column":2},"end":{"line":46,"column":35}},{"start":{},"end":{}}],"line":46},"7":{"loc":{"start":{"line":50,"column":13},"end":{"line":50,"column":37}},"type":"binary-expr","locations":[{"start":{"line":50,"column":13},"end":{"line":50,"column":26}},{"start":{"line":50,"column":30},"end":{"line":50,"column":37}}],"line":50},"8":{"loc":{"start":{"line":55,"column":2},"end":{"line":58,"column":3}},"type":"if","locations":[{"start":{"line":55,"column":2},"end":{"line":58,"column":3}},{"start":{},"end":{}}],"line":55},"9":{"loc":{"start":{"line":57,"column":32},"end":{"line":57,"column":62}},"type":"binary-expr","locations":[{"start":{"line":57,"column":32},"end":{"line":57,"column":41}},{"start":{"line":57,"column":45},"end":{"line":57,"column":62}}],"line":57},"10":{"loc":{"start":{"line":62,"column":4},"end":{"line":80,"column":5}},"type":"if","locations":[{"start":{"line":62,"column":4},"end":{"line":80,"column":5}},{"start":{},"end":{}}],"line":62},"11":{"loc":{"start":{"line":63,"column":6},"end":{"line":63,"column":78}},"type":"if","locations":[{"start":{"line":63,"column":6},"end":{"line":63,"column":78}},{"start":{},"end":{}}],"line":63},"12":{"loc":{"start":{"line":67,"column":21},"end":{"line":67,"column":65}},"type":"binary-expr","locations":[{"start":{"line":67,"column":21},"end":{"line":67,"column":28}},{"start":{"line":67,"column":32},"end":{"line":67,"column":65}}],"line":67},"13":{"loc":{"start":{"line":83,"column":4},"end":{"line":133,"column":5}},"type":"if","locations":[{"start":{"line":83,"column":4},"end":{"line":133,"column":5}},{"start":{},"end":{}}],"line":83},"14":{"loc":{"start":{"line":84,"column":6},"end":{"line":94,"column":7}},"type":"if","locations":[{"start":{"line":84,"column":6},"end":{"line":94,"column":7}},{"start":{},"end":{}}],"line":84},"15":{"loc":{"start":{"line":85,"column":40},"end":{"line":85,"column":64}},"type":"binary-expr","locations":[{"start":{"line":85,"column":40},"end":{"line":85,"column":56}},{"start":{"line":85,"column":60},"end":{"line":85,"column":64}}],"line":85},"16":{"loc":{"start":{"line":86,"column":32},"end":{"line":86,"column":56}},"type":"binary-expr","locations":[{"start":{"line":86,"column":32},"end":{"line":86,"column":49}},{"start":{"line":86,"column":53},"end":{"line":86,"column":56}}],"line":86},"17":{"loc":{"start":{"line":96,"column":6},"end":{"line":130,"column":7}},"type":"if","locations":[{"start":{"line":96,"column":6},"end":{"line":130,"column":7}},{"start":{},"end":{}}],"line":96},"18":{"loc":{"start":{"line":97,"column":16},"end":{"line":97,"column":29}},"type":"default-arg","locations":[{"start":{"line":97,"column":23},"end":{"line":97,"column":29}}],"line":97},"19":{"loc":{"start":{"line":97,"column":39},"end":{"line":97,"column":55}},"type":"default-arg","locations":[{"start":{"line":97,"column":53},"end":{"line":97,"column":55}}],"line":97},"20":{"loc":{"start":{"line":97,"column":57},"end":{"line":97,"column":74}},"type":"default-arg","locations":[{"start":{"line":97,"column":70},"end":{"line":97,"column":74}}],"line":97},"21":{"loc":{"start":{"line":98,"column":8},"end":{"line":98,"column":91}},"type":"if","locations":[{"start":{"line":98,"column":8},"end":{"line":98,"column":91}},{"start":{},"end":{}}],"line":98},"22":{"loc":{"start":{"line":98,"column":12},"end":{"line":98,"column":34}},"type":"binary-expr","locations":[{"start":{"line":98,"column":12},"end":{"line":98,"column":19}},{"start":{"line":98,"column":23},"end":{"line":98,"column":34}}],"line":98},"23":{"loc":{"start":{"line":101,"column":8},"end":{"line":106,"column":9}},"type":"if","locations":[{"start":{"line":101,"column":8},"end":{"line":106,"column":9}},{"start":{},"end":{}}],"line":101},"24":{"loc":{"start":{"line":105,"column":10},"end":{"line":105,"column":64}},"type":"if","locations":[{"start":{"line":105,"column":10},"end":{"line":105,"column":64}},{"start":{},"end":{}}],"line":105},"25":{"loc":{"start":{"line":108,"column":8},"end":{"line":118,"column":9}},"type":"if","locations":[{"start":{"line":108,"column":8},"end":{"line":118,"column":9}},{"start":{},"end":{}}],"line":108},"26":{"loc":{"start":{"line":113,"column":10},"end":{"line":116,"column":11}},"type":"if","locations":[{"start":{"line":113,"column":10},"end":{"line":116,"column":11}},{"start":{},"end":{}}],"line":113},"27":{"loc":{"start":{"line":119,"column":8},"end":{"line":123,"column":9}},"type":"if","locations":[{"start":{"line":119,"column":8},"end":{"line":123,"column":9}},{"start":{},"end":{}}],"line":119},"28":{"loc":{"start":{"line":121,"column":10},"end":{"line":121,"column":110}},"type":"if","locations":[{"start":{"line":121,"column":10},"end":{"line":121,"column":110}},{"start":{},"end":{}}],"line":121},"29":{"loc":{"start":{"line":121,"column":14},"end":{"line":121,"column":48}},"type":"binary-expr","locations":[{"start":{"line":121,"column":14},"end":{"line":121,"column":23}},{"start":{"line":121,"column":27},"end":{"line":121,"column":48}}],"line":121},"30":{"loc":{"start":{"line":126,"column":38},"end":{"line":126,"column":56}},"type":"binary-expr","locations":[{"start":{"line":126,"column":38},"end":{"line":126,"column":48}},{"start":{"line":126,"column":52},"end":{"line":126,"column":56}}],"line":126},"31":{"loc":{"start":{"line":138,"column":4},"end":{"line":170,"column":5}},"type":"if","locations":[{"start":{"line":138,"column":4},"end":{"line":170,"column":5}},{"start":{},"end":{}}],"line":138},"32":{"loc":{"start":{"line":139,"column":6},"end":{"line":144,"column":7}},"type":"if","locations":[{"start":{"line":139,"column":6},"end":{"line":144,"column":7}},{"start":{},"end":{}}],"line":139},"33":{"loc":{"start":{"line":139,"column":10},"end":{"line":139,"column":32}},"type":"binary-expr","locations":[{"start":{"line":139,"column":10},"end":{"line":139,"column":26}},{"start":{"line":139,"column":30},"end":{"line":139,"column":32}}],"line":139},"34":{"loc":{"start":{"line":141,"column":8},"end":{"line":141,"column":78}},"type":"if","locations":[{"start":{"line":141,"column":8},"end":{"line":141,"column":78}},{"start":{},"end":{}}],"line":141},"35":{"loc":{"start":{"line":145,"column":6},"end":{"line":151,"column":7}},"type":"if","locations":[{"start":{"line":145,"column":6},"end":{"line":151,"column":7}},{"start":{},"end":{}}],"line":145},"36":{"loc":{"start":{"line":152,"column":6},"end":{"line":162,"column":7}},"type":"if","locations":[{"start":{"line":152,"column":6},"end":{"line":162,"column":7}},{"start":{},"end":{}}],"line":152},"37":{"loc":{"start":{"line":153,"column":16},"end":{"line":153,"column":32}},"type":"default-arg","locations":[{"start":{"line":153,"column":24},"end":{"line":153,"column":32}}],"line":153},"38":{"loc":{"start":{"line":154,"column":8},"end":{"line":154,"column":79}},"type":"if","locations":[{"start":{"line":154,"column":8},"end":{"line":154,"column":79}},{"start":{},"end":{}}],"line":154},"39":{"loc":{"start":{"line":158,"column":43},"end":{"line":158,"column":57}},"type":"binary-expr","locations":[{"start":{"line":158,"column":43},"end":{"line":158,"column":51}},{"start":{"line":158,"column":55},"end":{"line":158,"column":57}}],"line":158},"40":{"loc":{"start":{"line":163,"column":6},"end":{"line":167,"column":7}},"type":"if","locations":[{"start":{"line":163,"column":6},"end":{"line":167,"column":7}},{"start":{},"end":{}}],"line":163},"41":{"loc":{"start":{"line":163,"column":10},"end":{"line":163,"column":35}},"type":"binary-expr","locations":[{"start":{"line":163,"column":10},"end":{"line":163,"column":29}},{"start":{"line":163,"column":33},"end":{"line":163,"column":35}}],"line":163},"42":{"loc":{"start":{"line":173,"column":4},"end":{"line":216,"column":5}},"type":"if","locations":[{"start":{"line":173,"column":4},"end":{"line":216,"column":5}},{"start":{},"end":{}}],"line":173},"43":{"loc":{"start":{"line":174,"column":6},"end":{"line":182,"column":7}},"type":"if","locations":[{"start":{"line":174,"column":6},"end":{"line":182,"column":7}},{"start":{},"end":{}}],"line":174},"44":{"loc":{"start":{"line":175,"column":23},"end":{"line":175,"column":52}},"type":"binary-expr","locations":[{"start":{"line":175,"column":23},"end":{"line":175,"column":40}},{"start":{"line":175,"column":44},"end":{"line":175,"column":52}}],"line":175},"45":{"loc":{"start":{"line":183,"column":6},"end":{"line":194,"column":7}},"type":"if","locations":[{"start":{"line":183,"column":6},"end":{"line":194,"column":7}},{"start":{},"end":{}}],"line":183},"46":{"loc":{"start":{"line":184,"column":23},"end":{"line":184,"column":39}},"type":"default-arg","locations":[{"start":{"line":184,"column":37},"end":{"line":184,"column":39}}],"line":184},"47":{"loc":{"start":{"line":184,"column":54},"end":{"line":184,"column":72}},"type":"default-arg","locations":[{"start":{"line":184,"column":65},"end":{"line":184,"column":72}}],"line":184},"48":{"loc":{"start":{"line":184,"column":74},"end":{"line":184,"column":83}},"type":"default-arg","locations":[{"start":{"line":184,"column":81},"end":{"line":184,"column":83}}],"line":184},"49":{"loc":{"start":{"line":185,"column":8},"end":{"line":185,"column":69}},"type":"if","locations":[{"start":{"line":185,"column":8},"end":{"line":185,"column":69}},{"start":{},"end":{}}],"line":185},"50":{"loc":{"start":{"line":186,"column":8},"end":{"line":186,"column":101}},"type":"if","locations":[{"start":{"line":186,"column":8},"end":{"line":186,"column":101}},{"start":{},"end":{}}],"line":186},"51":{"loc":{"start":{"line":186,"column":12},"end":{"line":186,"column":43}},"type":"binary-expr","locations":[{"start":{"line":186,"column":12},"end":{"line":186,"column":24}},{"start":{"line":186,"column":28},"end":{"line":186,"column":43}}],"line":186},"52":{"loc":{"start":{"line":195,"column":6},"end":{"line":208,"column":7}},"type":"if","locations":[{"start":{"line":195,"column":6},"end":{"line":208,"column":7}},{"start":{},"end":{}}],"line":195},"53":{"loc":{"start":{"line":195,"column":10},"end":{"line":195,"column":32}},"type":"binary-expr","locations":[{"start":{"line":195,"column":10},"end":{"line":195,"column":26}},{"start":{"line":195,"column":30},"end":{"line":195,"column":32}}],"line":195},"54":{"loc":{"start":{"line":203,"column":66},"end":{"line":203,"column":100}},"type":"cond-expr","locations":[{"start":{"line":203,"column":73},"end":{"line":203,"column":93}},{"start":{"line":203,"column":96},"end":{"line":203,"column":100}}],"line":203},"55":{"loc":{"start":{"line":205,"column":8},"end":{"line":205,"column":73}},"type":"if","locations":[{"start":{"line":205,"column":8},"end":{"line":205,"column":73}},{"start":{},"end":{}}],"line":205},"56":{"loc":{"start":{"line":209,"column":6},"end":{"line":213,"column":7}},"type":"if","locations":[{"start":{"line":209,"column":6},"end":{"line":213,"column":7}},{"start":{},"end":{}}],"line":209},"57":{"loc":{"start":{"line":209,"column":10},"end":{"line":209,"column":35}},"type":"binary-expr","locations":[{"start":{"line":209,"column":10},"end":{"line":209,"column":29}},{"start":{"line":209,"column":33},"end":{"line":209,"column":35}}],"line":209},"58":{"loc":{"start":{"line":219,"column":4},"end":{"line":268,"column":5}},"type":"if","locations":[{"start":{"line":219,"column":4},"end":{"line":268,"column":5}},{"start":{},"end":{}}],"line":219},"59":{"loc":{"start":{"line":220,"column":6},"end":{"line":226,"column":7}},"type":"if","locations":[{"start":{"line":220,"column":6},"end":{"line":226,"column":7}},{"start":{},"end":{}}],"line":220},"60":{"loc":{"start":{"line":227,"column":6},"end":{"line":265,"column":7}},"type":"if","locations":[{"start":{"line":227,"column":6},"end":{"line":265,"column":7}},{"start":{},"end":{}}],"line":227},"61":{"loc":{"start":{"line":228,"column":43},"end":{"line":228,"column":57}},"type":"default-arg","locations":[{"start":{"line":228,"column":55},"end":{"line":228,"column":57}}],"line":228},"62":{"loc":{"start":{"line":229,"column":8},"end":{"line":229,"column":81}},"type":"if","locations":[{"start":{"line":229,"column":8},"end":{"line":229,"column":81}},{"start":{},"end":{}}],"line":229},"63":{"loc":{"start":{"line":230,"column":8},"end":{"line":230,"column":109}},"type":"if","locations":[{"start":{"line":230,"column":8},"end":{"line":230,"column":109}},{"start":{},"end":{}}],"line":230},"64":{"loc":{"start":{"line":230,"column":12},"end":{"line":230,"column":46}},"type":"binary-expr","locations":[{"start":{"line":230,"column":12},"end":{"line":230,"column":25}},{"start":{"line":230,"column":29},"end":{"line":230,"column":46}}],"line":230},"65":{"loc":{"start":{"line":239,"column":10},"end":{"line":243,"column":11}},"type":"if","locations":[{"start":{"line":239,"column":10},"end":{"line":243,"column":11}},{"start":{},"end":{}}],"line":239},"66":{"loc":{"start":{"line":239,"column":14},"end":{"line":239,"column":54}},"type":"binary-expr","locations":[{"start":{"line":239,"column":14},"end":{"line":239,"column":23}},{"start":{"line":239,"column":27},"end":{"line":239,"column":54}}],"line":239}},"s":{"0":1,"1":1,"2":1,"3":1,"4":1,"5":1,"6":1,"7":27,"8":27,"9":0,"10":0,"11":27,"12":26,"13":1,"14":1,"15":26,"16":26,"17":26,"18":26,"19":15,"20":15,"21":15,"22":15,"23":15,"24":0,"25":0,"26":15,"27":15,"28":15,"29":0,"30":15,"31":1,"32":28,"33":1,"34":1,"35":27,"36":1,"37":26,"38":26,"39":26,"40":26,"41":26,"42":26,"43":26,"44":15,"45":15,"46":0,"47":0,"48":26,"49":26,"50":1,"51":0,"52":0,"53":1,"54":1,"55":1,"56":1,"57":1,"58":25,"59":8,"60":1,"61":1,"62":1,"63":1,"64":1,"65":1,"66":7,"67":6,"68":6,"69":1,"70":1,"71":5,"72":3,"73":3,"74":1,"75":1,"76":4,"77":2,"78":2,"79":2,"80":1,"81":1,"82":1,"83":3,"84":2,"85":2,"86":1,"87":1,"88":1,"89":2,"90":2,"91":2,"92":1,"93":1,"94":17,"95":6,"96":2,"97":2,"98":1,"99":1,"100":1,"101":1,"102":4,"103":1,"104":1,"105":1,"106":3,"107":2,"108":2,"109":1,"110":1,"111":1,"112":1,"113":1,"114":1,"115":1,"116":1,"117":1,"118":0,"119":0,"120":11,"121":6,"122":1,"123":1,"124":1,"125":1,"126":5,"127":2,"128":2,"129":1,"130":1,"131":1,"132":0,"133":0,"134":1,"135":1,"136":1,"137":3,"138":2,"139":2,"140":2,"141":1,"142":1,"143":1,"144":1,"145":1,"146":1,"147":1,"148":1,"149":0,"150":0,"151":5,"152":4,"153":1,"154":1,"155":1,"156":3,"157":3,"158":3,"159":1,"160":1,"161":2,"162":1,"163":1,"164":1,"165":1,"166":1,"167":1,"168":1,"169":1,"170":1,"171":1,"172":0,"173":0,"174":0,"175":0,"176":0,"177":0,"178":0,"179":1,"180":0,"181":0,"182":0,"183":1,"184":0,"185":0},"f":{"0":27,"1":26,"2":15,"3":15,"4":15,"5":15,"6":28,"7":0},"b":{"0":[0,1],"1":[0,27],"2":[26,1],"3":[0,15],"4":[15,0],"5":[1,27],"6":[1,26],"7":[26,26],"8":[15,11],"9":[0,0],"10":[1,25],"11":[0,1],"12":[1,0],"13":[8,17],"14":[1,7],"15":[1,1],"16":[1,1],"17":[6,1],"18":[0],"19":[6],"20":[3],"21":[1,5],"22":[6,5],"23":[3,2],"24":[1,2],"25":[2,2],"26":[1,1],"27":[2,1],"28":[1,1],"29":[2,1],"30":[2,0],"31":[6,11],"32":[2,4],"33":[6,3],"34":[1,1],"35":[1,3],"36":[2,1],"37":[0],"38":[1,1],"39":[1,1],"40":[1,0],"41":[1,1],"42":[6,5],"43":[1,5],"44":[1,1],"45":[2,3],"46":[1],"47":[2],"48":[2],"49":[1,1],"50":[0,1],"51":[1,1],"52":[2,1],"53":[3,2],"54":[0,2],"55":[1,1],"56":[1,0],"57":[1,1],"58":[4,1],"59":[1,3],"60":[3,0],"61":[3],"62":[1,2],"63":[1,1],"64":[2,1],"65":[1,0],"66":[1,1]},"_coverageSchema":"1a1c01bbd47fc00a2c39e90264f33305004495a9","hash":"3a248a4c5128b37d03a5b133fa40fee6e1e67884"}
}
