TN:
SF:api/claim.js
FN:6,(anonymous_0)
FN:35,(anonymous_1)
FNF:2
FNH:2
FNDA:2,(anonymous_0)
FNDA:9,(anonymous_1)
DA:3,1
DA:4,1
DA:6,1
DA:7,2
DA:8,2
DA:35,1
DA:36,9
DA:37,9
DA:38,9
DA:39,9
DA:40,8
DA:41,6
DA:43,6
DA:44,6
DA:45,4
DA:48,2
DA:64,2
DA:66,2
DA:73,2
LF:19
LH:19
BRDA:10,0,0,2
BRDA:10,0,1,1
BRDA:12,1,0,2
BRDA:12,1,1,1
BRDA:22,2,0,2
BRDA:22,2,1,1
BRDA:23,3,0,2
BRDA:23,3,1,1
BRDA:39,4,0,1
BRDA:39,4,1,8
BRDA:40,5,0,2
BRDA:40,5,1,6
BRDA:41,6,0,0
BRDA:41,6,1,6
BRDA:43,7,0,6
BRDA:43,7,1,1
BRDA:44,8,0,4
BRDA:44,8,1,2
BRDA:44,9,0,6
BRDA:44,9,1,4
BRDA:44,9,2,3
BRDA:70,10,0,2
BRDA:70,10,1,1
BRDA:70,11,0,2
BRDA:70,11,1,1
BRDA:71,12,0,2
BRDA:71,12,1,1
BRDA:71,13,0,2
BRDA:71,13,1,1
BRF:29
BRH:28
end_of_record
TN:
SF:api/jarvis-chat.js
FN:97,send
FN:104,readBody
FN:105,(anonymous_2)
FN:107,(anonymous_3)
FN:116,(anonymous_4)
FN:129,normalizeBackendBase
FN:145,proxyToBackend
FN:177,(anonymous_7)
FN:179,(anonymous_8)
FN:184,fallbackReply
FN:186,(anonymous_10)
FN:189,(anonymous_11)
FN:193,(anonymous_12)
FN:215,handler
FNF:14
FNH:14
FNDA:3,send
FNDA:4,readBody
FNDA:4,(anonymous_2)
FNDA:4,(anonymous_3)
FNDA:4,(anonymous_4)
FNDA:3,normalizeBackendBase
FNDA:3,proxyToBackend
FNDA:17,(anonymous_7)
FNDA:108,(anonymous_8)
FNDA:3,fallbackReply
FNDA:8,(anonymous_10)
FNDA:51,(anonymous_11)
FNDA:75,(anonymous_12)
FNDA:6,handler
DA:3,1
DA:4,1
DA:6,1
DA:7,1
DA:9,1
DA:98,3
DA:99,3
DA:100,3
DA:101,3
DA:105,4
DA:106,4
DA:107,4
DA:108,4
DA:109,4
DA:110,0
DA:111,0
DA:112,0
DA:113,0
DA:116,4
DA:117,4
DA:118,4
DA:120,0
DA:121,0
DA:122,0
DA:125,4
DA:130,3
DA:131,3
DA:134,0
DA:135,0
DA:137,0
DA:140,0
DA:141,0
DA:142,0
DA:146,3
DA:147,3
DA:149,0
DA:156,0
DA:157,0
DA:158,0
DA:161,0
DA:168,0
DA:169,0
DA:170,0
DA:171,0
DA:172,0
DA:173,0
DA:177,1
DA:178,17
DA:179,108
DA:185,3
DA:186,8
DA:188,3
DA:190,51
DA:191,51
DA:193,75
DA:195,3
DA:196,3
DA:197,2
DA:198,2
DA:199,0
DA:201,2
DA:204,1
DA:205,0
DA:208,1
DA:209,0
DA:212,1
DA:215,1
DA:216,6
DA:217,1
DA:218,1
DA:219,1
DA:220,1
DA:223,5
DA:224,1
DA:225,1
DA:228,4
DA:231,4
DA:232,4
DA:234,0
DA:235,0
DA:238,4
DA:239,4
DA:240,1
DA:241,1
DA:244,3
DA:249,3
DA:250,3
DA:255,3
LF:88
LH:59
BRDA:109,0,0,0
BRDA:109,0,1,4
BRDA:118,1,0,4
BRDA:118,1,1,0
BRDA:130,2,0,3
BRDA:130,2,1,3
BRDA:130,2,2,3
BRDA:131,3,0,3
BRDA:131,3,1,0
BRDA:140,4,0,0
BRDA:140,4,1,0
BRDA:141,5,0,0
BRDA:141,5,1,0
BRDA:147,6,0,3
BRDA:147,6,1,0
BRDA:151,7,0,0
BRDA:151,7,1,0
BRDA:152,8,0,0
BRDA:152,8,1,0
BRDA:152,8,2,0
BRDA:156,9,0,0
BRDA:156,9,1,0
BRDA:157,10,0,0
BRDA:157,10,1,0
BRDA:170,11,0,0
BRDA:170,11,1,0
BRDA:185,12,0,3
BRDA:185,12,1,0
BRDA:190,13,0,51
BRDA:190,13,1,49
BRDA:191,14,0,51
BRDA:191,14,1,0
BRDA:196,15,0,2
BRDA:196,15,1,1
BRDA:196,16,0,3
BRDA:196,16,1,3
BRDA:198,17,0,0
BRDA:198,17,1,2
BRDA:198,18,0,2
BRDA:198,18,1,2
BRDA:198,18,2,0
BRDA:198,18,3,0
BRDA:204,19,0,0
BRDA:204,19,1,1
BRDA:204,20,0,1
BRDA:204,20,1,1
BRDA:204,20,2,1
BRDA:204,20,3,1
BRDA:208,21,0,0
BRDA:208,21,1,1
BRDA:208,22,0,1
BRDA:208,22,1,1
BRDA:208,22,2,1
BRDA:216,23,0,1
BRDA:216,23,1,5
BRDA:223,24,0,1
BRDA:223,24,1,4
BRDA:228,25,0,0
BRDA:228,25,1,4
BRDA:234,26,0,0
BRDA:234,26,1,0
BRDA:238,27,0,4
BRDA:238,27,1,1
BRDA:239,28,0,1
BRDA:239,28,1,3
BRDA:246,29,0,0
BRDA:246,29,1,3
BRDA:250,30,0,0
BRDA:250,30,1,3
BRF:69
BRH:38
end_of_record
TN:
SF:api/live-class.js
FN:10,(anonymous_0)
FN:16,(anonymous_1)
FN:21,(anonymous_2)
FN:28,(anonymous_3)
FN:41,(anonymous_4)
FN:47,(anonymous_5)
FN:51,(anonymous_6)
FN:60,(anonymous_7)
FN:68,aiCall
FN:91,(anonymous_9)
FN:105,(anonymous_10)
FNF:11
FNH:8
FNDA:17,(anonymous_0)
FNDA:22,(anonymous_1)
FNDA:17,(anonymous_2)
FNDA:14,(anonymous_3)
FNDA:14,(anonymous_4)
FNDA:0,(anonymous_5)
FNDA:0,(anonymous_6)
FNDA:19,(anonymous_7)
FNDA:0,aiCall
FNDA:23,(anonymous_9)
FNDA:1,(anonymous_10)
DA:3,1
DA:5,1
DA:8,1
DA:10,1
DA:11,17
DA:12,17
DA:13,5
DA:16,1
DA:17,22
DA:18,22
DA:21,1
DA:22,17
DA:23,17
DA:24,17
DA:25,0
DA:28,1
DA:29,14
DA:30,14
DA:31,14
DA:32,14
DA:33,14
DA:34,14
DA:35,14
DA:36,14
DA:37,14
DA:38,14
DA:41,1
DA:42,14
DA:43,14
DA:47,0
DA:51,0
DA:60,1
DA:61,19
DA:69,0
DA:70,0
DA:71,0
DA:72,0
DA:78,0
DA:87,0
DA:88,0
DA:91,1
DA:92,23
DA:93,23
DA:94,23
DA:95,23
DA:97,22
DA:100,22
DA:101,4
DA:102,2
DA:105,2
DA:109,2
DA:110,2
DA:111,2
DA:115,18
DA:116,17
DA:117,17
DA:118,17
DA:119,17
DA:121,17
DA:124,17
DA:125,1
DA:126,1
DA:131,1
DA:132,1
DA:136,16
DA:137,1
DA:138,1
DA:139,1
DA:140,1
DA:141,1
DA:147,1
DA:148,1
DA:152,15
DA:153,2
DA:154,2
DA:155,1
DA:159,1
DA:160,1
DA:163,13
DA:166,11
DA:167,2
DA:168,1
DA:169,1
DA:171,0
DA:179,0
DA:180,0
DA:181,0
DA:182,0
DA:183,0
DA:184,0
DA:186,0
DA:189,0
DA:190,0
DA:191,0
DA:192,0
DA:194,0
DA:195,0
DA:196,0
DA:197,0
DA:203,0
DA:204,0
DA:205,0
DA:209,9
DA:210,9
DA:211,3
DA:212,3
DA:213,0
DA:215,3
DA:216,3
DA:217,3
DA:218,3
DA:222,3
DA:223,0
DA:225,6
DA:226,1
DA:227,5
DA:228,1
DA:229,4
DA:230,1
DA:231,1
DA:232,3
DA:233,1
DA:234,2
DA:235,1
DA:236,1
DA:237,1
DA:240,9
DA:241,9
DA:242,9
DA:245,1
LF:130
LH:99
BRDA:11,0,0,17
BRDA:11,0,1,0
BRDA:12,1,0,12
BRDA:12,1,1,5
BRDA:13,2,0,5
BRDA:13,2,1,5
BRDA:13,2,2,5
BRDA:17,3,0,22
BRDA:17,3,1,21
BRDA:17,3,2,21
BRDA:18,4,0,22
BRDA:18,4,1,0
BRDA:22,5,0,0
BRDA:22,5,1,17
BRDA:24,6,0,17
BRDA:24,6,1,0
BRDA:30,7,0,0
BRDA:30,7,1,14
BRDA:42,8,0,0
BRDA:42,8,1,14
BRDA:45,9,0,14
BRDA:45,9,1,0
BRDA:46,10,0,14
BRDA:46,10,1,13
BRDA:47,11,0,14
BRDA:47,11,1,0
BRDA:49,12,0,0
BRDA:49,12,1,0
BRDA:51,13,0,14
BRDA:51,13,1,0
BRDA:53,14,0,0
BRDA:53,14,1,0
BRDA:53,14,2,0
BRDA:54,15,0,0
BRDA:54,15,1,0
BRDA:56,16,0,14
BRDA:56,16,1,0
BRDA:70,17,0,0
BRDA:70,17,1,0
BRDA:71,18,0,0
BRDA:71,18,1,0
BRDA:87,19,0,0
BRDA:87,19,1,0
BRDA:95,20,0,1
BRDA:95,20,1,22
BRDA:100,21,0,4
BRDA:100,21,1,18
BRDA:101,22,0,2
BRDA:101,22,1,2
BRDA:106,23,0,1
BRDA:106,23,1,0
BRDA:106,24,0,1
BRDA:106,24,1,0
BRDA:115,25,0,17
BRDA:115,25,1,1
BRDA:116,26,0,17
BRDA:116,26,1,0
BRDA:118,27,0,17
BRDA:118,27,1,17
BRDA:119,28,0,17
BRDA:119,28,1,0
BRDA:124,29,0,1
BRDA:124,29,1,16
BRDA:125,30,0,1
BRDA:125,30,1,0
BRDA:125,30,2,0
BRDA:130,31,0,1
BRDA:130,31,1,0
BRDA:130,32,0,1
BRDA:130,32,1,0
BRDA:136,33,0,1
BRDA:136,33,1,15
BRDA:137,34,0,1
BRDA:137,34,1,0
BRDA:139,35,0,1
BRDA:139,35,1,0
BRDA:140,36,0,1
BRDA:140,36,1,0
BRDA:145,37,0,1
BRDA:145,37,1,0
BRDA:145,38,0,1
BRDA:145,38,1,0
BRDA:152,39,0,2
BRDA:152,39,1,13
BRDA:153,40,0,2
BRDA:153,40,1,0
BRDA:154,41,0,1
BRDA:154,41,1,1
BRDA:157,42,0,1
BRDA:157,42,1,0
BRDA:157,43,0,1
BRDA:157,43,1,1
BRDA:163,44,0,2
BRDA:163,44,1,11
BRDA:166,45,0,2
BRDA:166,45,1,9
BRDA:167,46,0,1
BRDA:167,46,1,1
BRDA:168,47,0,1
BRDA:168,47,1,0
BRDA:169,48,0,1
BRDA:169,48,1,0
BRDA:182,49,0,0
BRDA:182,49,1,0
BRDA:184,50,0,0
BRDA:184,50,1,0
BRDA:191,51,0,0
BRDA:191,51,1,0
BRDA:196,52,0,0
BRDA:196,52,1,0
BRDA:199,53,0,0
BRDA:199,53,1,0
BRDA:210,54,0,3
BRDA:210,54,1,6
BRDA:212,55,0,0
BRDA:212,55,1,3
BRDA:217,56,0,1
BRDA:217,56,1,2
BRDA:220,57,0,3
BRDA:220,57,1,0
BRDA:220,58,0,3
BRDA:220,58,1,3
BRDA:220,59,0,3
BRDA:220,59,1,3
BRDA:220,60,0,3
BRDA:220,60,1,3
BRDA:222,61,0,0
BRDA:222,61,1,3
BRDA:222,62,0,3
BRDA:222,62,1,0
BRDA:225,63,0,1
BRDA:225,63,1,5
BRDA:227,64,0,1
BRDA:227,64,1,4
BRDA:229,65,0,1
BRDA:229,65,1,3
BRDA:232,66,0,1
BRDA:232,66,1,2
BRDA:234,67,0,1
BRDA:234,67,1,1
BRDA:235,68,0,1
BRDA:235,68,1,0
BRDA:236,69,0,1
BRDA:236,69,1,0
BRF:144
BRH:88
end_of_record
TN:
SF:api/push.js
FN:16,(anonymous_0)
FN:21,(anonymous_1)
FN:56,(anonymous_2)
FNF:3
FNH:3
FNDA:3,(anonymous_0)
FNDA:11,(anonymous_1)
FNDA:3,(anonymous_2)
DA:3,1
DA:4,1
DA:5,1
DA:7,1
DA:8,1
DA:9,1
DA:10,1
DA:12,1
DA:13,1
DA:16,1
DA:17,3
DA:18,3
DA:21,1
DA:22,11
DA:23,11
DA:24,11
DA:25,11
DA:26,10
DA:28,10
DA:29,1
DA:32,9
DA:34,9
DA:35,3
DA:36,3
DA:37,2
DA:39,1
DA:44,1
DA:47,6
DA:48,3
DA:49,2
DA:51,2
DA:52,2
DA:54,2
DA:55,2
DA:56,2
DA:57,3
DA:58,3
DA:62,2
DA:64,1
DA:65,1
DA:66,1
DA:70,2
DA:73,3
DA:74,2
DA:75,2
DA:76,2
DA:79,1
LF:47
LH:47
BRDA:10,0,0,1
BRDA:10,0,1,0
BRDA:12,1,0,1
BRDA:12,1,1,0
BRDA:12,2,0,1
BRDA:12,2,1,1
BRDA:17,3,0,3
BRDA:17,3,1,0
BRDA:18,4,0,3
BRDA:18,4,1,3
BRDA:25,5,0,1
BRDA:25,5,1,10
BRDA:26,6,0,0
BRDA:26,6,1,10
BRDA:26,7,0,10
BRDA:26,7,1,9
BRDA:28,8,0,1
BRDA:28,8,1,9
BRDA:29,9,0,1
BRDA:29,9,1,0
BRDA:32,10,0,9
BRDA:32,10,1,0
BRDA:34,11,0,3
BRDA:34,11,1,6
BRDA:34,12,0,9
BRDA:34,12,1,7
BRDA:35,13,0,3
BRDA:35,13,1,0
BRDA:36,14,0,2
BRDA:36,14,1,1
BRDA:36,15,0,3
BRDA:36,15,1,2
BRDA:36,15,2,1
BRDA:43,16,0,1
BRDA:43,16,1,0
BRDA:47,17,0,3
BRDA:47,17,1,3
BRDA:47,18,0,6
BRDA:47,18,1,4
BRDA:48,19,0,1
BRDA:48,19,1,2
BRDA:49,20,0,0
BRDA:49,20,1,2
BRDA:49,21,0,2
BRDA:49,21,1,2
BRDA:51,22,0,1
BRDA:51,23,0,2
BRDA:51,24,0,2
BRDA:65,25,0,1
BRDA:65,25,1,0
BRDA:65,26,0,1
BRDA:65,26,1,0
BRDA:73,27,0,2
BRDA:73,27,1,1
BRDA:74,28,0,2
BRDA:74,28,1,0
BRDA:75,29,0,1
BRDA:75,29,1,1
BRF:58
BRH:46
end_of_record
TN:
SF:api/upi-payment.js
FN:5,handler
FNF:1
FNH:1
FNDA:7,handler
DA:3,1
DA:5,1
DA:6,7
DA:7,7
DA:8,7
DA:10,7
DA:11,6
DA:12,5
DA:14,5
DA:15,5
DA:16,2
DA:19,3
DA:21,3
DA:27,3
LF:14
LH:14
BRDA:10,0,0,1
BRDA:10,0,1,6
BRDA:11,1,0,1
BRDA:11,1,1,5
BRDA:12,2,0,0
BRDA:12,2,1,5
BRDA:15,3,0,2
BRDA:15,3,1,3
BRDA:15,4,0,5
BRDA:15,4,1,4
BRDA:19,5,0,3
BRDA:19,5,1,2
BRDA:22,6,0,2
BRDA:22,6,1,1
BRDA:30,7,0,2
BRDA:30,7,1,1
BRF:16
BRH:15
end_of_record
TN:
SF:api/verify.js
FN:5,(anonymous_0)
FNF:1
FNH:1
FNDA:5,(anonymous_0)
DA:3,1
DA:5,1
DA:6,5
DA:7,5
DA:9,5
DA:10,5
DA:13,4
DA:18,4
DA:19,2
DA:20,2
DA:21,2
DA:42,2
DA:47,2
DA:48,1
DA:49,1
DA:63,1
LF:16
LH:16
BRDA:9,0,0,5
BRDA:9,0,1,1
BRDA:10,1,0,1
BRDA:10,1,1,4
BRDA:18,2,0,2
BRDA:18,2,1,2
BRDA:20,3,0,2
BRDA:20,3,1,0
BRDA:26,4,0,2
BRDA:26,4,1,1
BRDA:27,5,0,2
BRDA:27,5,1,1
BRDA:28,6,0,2
BRDA:28,6,1,2
BRDA:29,7,0,2
BRDA:29,7,1,1
BRDA:30,8,0,2
BRDA:30,8,1,1
BRDA:32,9,0,2
BRDA:32,9,1,1
BRDA:33,10,0,2
BRDA:33,10,1,1
BRDA:34,11,0,2
BRDA:34,11,1,1
BRDA:35,12,0,2
BRDA:35,12,1,1
BRDA:47,13,0,1
BRDA:47,13,1,1
BRF:28
BRH:27
end_of_record
TN:
SF:api/auth/_proxy.js
FN:5,getUpstreamBase
FN:10,proxyJson
FNF:2
FNH:2
FNDA:9,getUpstreamBase
FNDA:4,proxyJson
DA:3,6
DA:6,9
DA:7,9
DA:11,4
DA:12,4
DA:21,4
DA:22,4
DA:23,4
DA:24,4
DA:25,4
DA:28,6
LF:11
LH:11
BRDA:6,0,0,9
BRDA:6,0,1,6
BRDA:6,0,2,5
BRDA:17,1,0,4
BRDA:17,1,1,0
BRDA:23,2,0,4
BRDA:23,2,1,2
BRF:7
BRH:6
end_of_record
TN:
SF:api/auth/request-otp.js
FN:6,send
FN:13,handler
FNF:2
FNH:2
FNDA:3,send
FNDA:5,handler
DA:3,1
DA:4,1
DA:7,3
DA:8,3
DA:9,3
DA:10,3
DA:13,1
DA:14,5
DA:16,5
DA:17,1
DA:18,1
DA:19,1
DA:22,4
DA:23,1
DA:24,1
DA:27,3
DA:29,3
DA:30,3
DA:32,1
DA:33,1
DA:36,2
DA:37,2
DA:39,1
LF:23
LH:23
BRDA:16,0,0,1
BRDA:16,0,1,4
BRDA:22,1,0,1
BRDA:22,1,1,3
BRDA:27,2,0,3
BRDA:27,2,1,0
BRDA:30,3,0,3
BRDA:30,3,1,1
BRF:8
BRH:7
end_of_record
TN:
SF:api/auth/verify-otp.js
FN:6,send
FN:13,handler
FNF:2
FNH:2
FNDA:4,send
FNDA:7,handler
DA:3,1
DA:4,1
DA:7,4
DA:8,4
DA:9,4
DA:10,4
DA:13,1
DA:14,7
DA:16,7
DA:17,1
DA:18,1
DA:19,1
DA:22,6
DA:23,1
DA:24,1
DA:27,5
DA:29,5
DA:30,5
DA:31,4
DA:33,2
DA:34,2
DA:37,3
DA:38,3
DA:40,1
LF:24
LH:24
BRDA:16,0,0,1
BRDA:16,0,1,6
BRDA:22,1,0,1
BRDA:22,1,1,5
BRDA:27,2,0,5
BRDA:27,2,1,0
BRDA:30,3,0,5
BRDA:30,3,1,2
BRF:8
BRH:7
end_of_record
TN:
SF:api/hi/[...path].js
FN:10,_checkSocialProfile
FN:44,(anonymous_1)
FN:55,(anonymous_2)
FN:274,(anonymous_3)
FN:278,(anonymous_4)
FN:424,(anonymous_5)
FN:431,(anonymous_6)
FN:562,(anonymous_7)
FN:564,(anonymous_8)
FN:575,(anonymous_9)
FN:579,(anonymous_10)
FN:584,(anonymous_11)
FNF:12
FNH:9
FNDA:0,_checkSocialProfile
FNDA:47,(anonymous_1)
FNDA:47,(anonymous_2)
FNDA:1,(anonymous_3)
FNDA:1,(anonymous_4)
FNDA:0,(anonymous_5)
FNDA:0,(anonymous_6)
FNDA:1,(anonymous_7)
FNDA:1,(anonymous_8)
FNDA:1,(anonymous_9)
FNDA:1,(anonymous_10)
FNDA:2,(anonymous_11)
DA:3,2
DA:4,2
DA:5,2
DA:6,2
DA:7,2
DA:11,0
DA:12,0
DA:13,0
DA:14,0
DA:16,0
DA:17,0
DA:18,0
DA:19,0
DA:22,0
DA:24,0
DA:25,0
DA:26,0
DA:28,0
DA:29,0
DA:30,0
DA:34,2
DA:36,2
DA:44,2
DA:45,47
DA:46,47
DA:47,1
DA:48,1
DA:50,46
DA:51,1
DA:52,1
DA:55,2
DA:56,47
DA:58,45
DA:59,45
DA:60,45
DA:61,45
DA:62,45
DA:63,45
DA:65,45
DA:67,45
DA:68,3
DA:69,2
DA:70,2
DA:72,1
DA:73,1
DA:74,1
DA:75,1
DA:79,1
DA:83,1
DA:84,1
DA:89,42
DA:90,6
DA:91,1
DA:92,1
DA:93,1
DA:95,5
DA:96,1
DA:97,1
DA:100,1
DA:102,4
DA:103,3
DA:104,2
DA:105,2
DA:106,1
DA:107,1
DA:109,1
DA:110,1
DA:112,1
DA:113,1
DA:116,1
DA:118,1
DA:119,1
DA:120,1
DA:125,36
DA:126,4
DA:127,1
DA:128,1
DA:130,3
DA:131,1
DA:132,1
DA:135,1
DA:137,2
DA:138,1
DA:139,1
DA:142,1
DA:144,1
DA:145,1
DA:146,1
DA:151,32
DA:152,4
DA:153,1
DA:154,1
DA:156,3
DA:157,1
DA:158,1
DA:161,1
DA:163,2
DA:164,1
DA:165,1
DA:168,1
DA:170,1
DA:171,1
DA:172,1
DA:177,28
DA:178,2
DA:179,1
DA:180,1
DA:182,1
DA:183,1
DA:184,1
DA:187,1
DA:192,26
DA:193,4
DA:194,1
DA:195,1
DA:197,3
DA:198,1
DA:199,1
DA:202,1
DA:204,2
DA:205,1
DA:206,1
DA:209,1
DA:211,1
DA:212,1
DA:213,1
DA:218,22
DA:219,4
DA:220,1
DA:221,1
DA:223,3
DA:224,1
DA:225,1
DA:228,1
DA:230,2
DA:231,1
DA:232,1
DA:235,1
DA:237,1
DA:238,1
DA:239,1
DA:244,18
DA:245,4
DA:246,1
DA:247,1
DA:249,3
DA:250,1
DA:251,1
DA:254,1
DA:256,2
DA:257,1
DA:258,1
DA:261,1
DA:263,1
DA:264,1
DA:265,1
DA:270,14
DA:271,6
DA:272,1
DA:273,1
DA:274,1
DA:275,1
DA:276,1
DA:278,1
DA:280,5
DA:281,2
DA:282,1
DA:283,1
DA:286,1
DA:288,1
DA:289,1
DA:292,1
DA:294,3
DA:295,2
DA:296,1
DA:297,1
DA:298,1
DA:300,1
DA:301,1
DA:304,1
DA:306,1
DA:307,1
DA:308,1
DA:313,8
DA:314,4
DA:315,2
DA:316,1
DA:317,1
DA:319,1
DA:320,1
DA:322,2
DA:323,1
DA:324,1
DA:325,1
DA:328,1
DA:330,1
DA:331,1
DA:332,1
DA:337,4
DA:338,2
DA:339,1
DA:340,1
DA:342,1
DA:343,1
DA:344,1
DA:347,1
DA:349,0
DA:350,0
DA:351,0
DA:354,0
DA:356,0
DA:357,0
DA:358,0
DA:363,2
DA:364,0
DA:365,0
DA:366,0
DA:367,0
DA:368,0
DA:369,0
DA:370,0
DA:371,0
DA:372,0
DA:377,0
DA:379,0
DA:380,0
DA:383,0
DA:385,0
DA:390,2
DA:391,0
DA:392,0
DA:393,0
DA:394,0
DA:396,0
DA:399,0
DA:400,0
DA:403,0
DA:404,0
DA:405,0
DA:412,0
DA:413,0
DA:414,0
DA:416,0
DA:417,0
DA:418,0
DA:419,0
DA:420,0
DA:421,0
DA:422,0
DA:423,0
DA:424,0
DA:425,0
DA:431,0
DA:434,0
DA:438,2
DA:439,0
DA:441,0
DA:442,0
DA:443,0
DA:445,0
DA:446,0
DA:447,0
DA:448,0
DA:449,0
DA:450,0
DA:451,0
DA:453,0
DA:454,0
DA:455,0
DA:456,0
DA:461,2
DA:462,0
DA:463,0
DA:464,0
DA:465,0
DA:466,0
DA:468,0
DA:469,0
DA:471,0
DA:472,0
DA:474,0
DA:475,0
DA:477,0
DA:478,0
DA:479,0
DA:480,0
DA:481,0
DA:483,0
DA:486,0
DA:491,0
DA:495,2
DA:498,0
DA:499,0
DA:501,0
DA:502,0
DA:503,0
DA:504,0
DA:505,0
DA:506,0
DA:507,0
DA:509,0
DA:511,0
DA:512,0
DA:515,0
DA:516,0
DA:517,0
DA:518,0
DA:519,0
DA:520,0
DA:523,0
DA:526,0
DA:527,0
DA:528,0
DA:529,0
DA:530,0
DA:531,0
DA:532,0
DA:533,0
DA:534,0
DA:536,0
DA:538,0
DA:540,0
DA:543,0
DA:544,0
DA:545,0
DA:546,0
DA:547,0
DA:552,2
DA:553,1
DA:554,1
DA:562,1
DA:563,1
DA:564,1
DA:567,1
DA:568,1
DA:569,1
DA:573,1
DA:574,1
DA:575,1
DA:578,1
DA:579,1
DA:582,1
DA:583,1
DA:584,2
DA:587,1
DA:595,1
DA:597,1
DA:605,1
DA:607,0
DA:608,0
LF:350
LH:217
BRDA:13,0,0,0
BRDA:13,0,1,0
BRDA:16,1,0,0
BRDA:16,1,1,0
BRDA:24,2,0,0
BRDA:24,2,1,0
BRDA:28,3,0,0
BRDA:28,3,1,0
BRDA:28,4,0,0
BRDA:28,4,1,0
BRDA:38,5,0,0
BRDA:38,5,1,2
BRDA:46,6,0,1
BRDA:46,6,1,46
BRDA:50,7,0,45
BRDA:50,7,1,1
BRDA:56,8,0,2
BRDA:56,8,1,45
BRDA:61,9,0,45
BRDA:61,9,1,26
BRDA:67,10,0,3
BRDA:67,10,1,42
BRDA:68,11,0,2
BRDA:68,11,1,1
BRDA:70,12,0,2
BRDA:70,12,1,1
BRDA:72,13,0,1
BRDA:72,13,1,0
BRDA:74,14,0,1
BRDA:74,14,1,0
BRDA:83,15,0,1
BRDA:83,15,1,0
BRDA:89,16,0,6
BRDA:89,16,1,36
BRDA:90,17,0,1
BRDA:90,17,1,5
BRDA:95,18,0,1
BRDA:95,18,1,4
BRDA:99,19,0,1
BRDA:99,19,1,0
BRDA:102,20,0,3
BRDA:102,20,1,1
BRDA:102,21,0,4
BRDA:102,21,1,3
BRDA:103,22,0,2
BRDA:103,22,1,1
BRDA:105,23,0,1
BRDA:105,23,1,1
BRDA:118,24,0,1
BRDA:118,24,1,0
BRDA:118,25,0,1
BRDA:118,25,1,1
BRDA:125,26,0,4
BRDA:125,26,1,32
BRDA:126,27,0,1
BRDA:126,27,1,3
BRDA:130,28,0,1
BRDA:130,28,1,2
BRDA:134,29,0,1
BRDA:134,29,1,0
BRDA:134,30,0,1
BRDA:134,30,1,1
BRDA:134,31,0,1
BRDA:134,31,1,0
BRDA:137,32,0,1
BRDA:137,32,1,1
BRDA:137,33,0,2
BRDA:137,33,1,1
BRDA:141,34,0,1
BRDA:141,34,1,1
BRDA:144,35,0,1
BRDA:144,35,1,0
BRDA:144,36,0,1
BRDA:144,36,1,1
BRDA:151,37,0,4
BRDA:151,37,1,28
BRDA:152,38,0,1
BRDA:152,38,1,3
BRDA:156,39,0,1
BRDA:156,39,1,2
BRDA:160,40,0,1
BRDA:160,40,1,1
BRDA:163,41,0,1
BRDA:163,41,1,1
BRDA:163,42,0,2
BRDA:163,42,1,1
BRDA:167,43,0,1
BRDA:167,43,1,0
BRDA:170,44,0,1
BRDA:170,44,1,0
BRDA:170,45,0,1
BRDA:170,45,1,1
BRDA:177,46,0,2
BRDA:177,46,1,26
BRDA:178,47,0,1
BRDA:178,47,1,1
BRDA:182,48,0,1
BRDA:182,48,1,0
BRDA:192,49,0,4
BRDA:192,49,1,22
BRDA:193,50,0,1
BRDA:193,50,1,3
BRDA:197,51,0,1
BRDA:197,51,1,2
BRDA:201,52,0,1
BRDA:201,52,1,1
BRDA:204,53,0,1
BRDA:204,53,1,1
BRDA:204,54,0,2
BRDA:204,54,1,1
BRDA:208,55,0,1
BRDA:208,55,1,1
BRDA:211,56,0,1
BRDA:211,56,1,0
BRDA:211,57,0,1
BRDA:211,57,1,1
BRDA:218,58,0,4
BRDA:218,58,1,18
BRDA:219,59,0,1
BRDA:219,59,1,3
BRDA:223,60,0,1
BRDA:223,60,1,2
BRDA:227,61,0,1
BRDA:227,61,1,1
BRDA:230,62,0,1
BRDA:230,62,1,1
BRDA:230,63,0,2
BRDA:230,63,1,1
BRDA:234,64,0,1
BRDA:234,64,1,1
BRDA:237,65,0,1
BRDA:237,65,1,0
BRDA:237,66,0,1
BRDA:237,66,1,1
BRDA:244,67,0,4
BRDA:244,67,1,14
BRDA:245,68,0,1
BRDA:245,68,1,3
BRDA:249,69,0,1
BRDA:249,69,1,2
BRDA:253,70,0,1
BRDA:253,70,1,1
BRDA:253,71,0,1
BRDA:253,71,1,1
BRDA:256,72,0,1
BRDA:256,72,1,1
BRDA:256,73,0,2
BRDA:256,73,1,1
BRDA:260,74,0,1
BRDA:260,74,1,1
BRDA:260,75,0,1
BRDA:260,75,1,1
BRDA:263,76,0,1
BRDA:263,76,1,0
BRDA:263,77,0,1
BRDA:263,77,1,1
BRDA:270,78,0,6
BRDA:270,78,1,8
BRDA:271,79,0,1
BRDA:271,79,1,5
BRDA:278,80,0,1
BRDA:278,80,1,0
BRDA:280,81,0,2
BRDA:280,81,1,3
BRDA:281,82,0,1
BRDA:281,82,1,1
BRDA:285,83,0,1
BRDA:285,83,1,1
BRDA:291,84,0,1
BRDA:291,84,1,1
BRDA:291,85,0,1
BRDA:291,85,1,0
BRDA:291,86,0,1
BRDA:291,86,1,1
BRDA:294,87,0,2
BRDA:294,87,1,1
BRDA:294,88,0,3
BRDA:294,88,1,2
BRDA:295,89,0,1
BRDA:295,89,1,1
BRDA:303,90,0,1
BRDA:303,90,1,1
BRDA:306,91,0,1
BRDA:306,91,1,0
BRDA:306,92,0,1
BRDA:306,92,1,1
BRDA:313,93,0,4
BRDA:313,93,1,4
BRDA:314,94,0,2
BRDA:314,94,1,2
BRDA:315,95,0,1
BRDA:315,95,1,1
BRDA:317,96,0,1
BRDA:317,96,1,0
BRDA:322,97,0,1
BRDA:322,97,1,1
BRDA:324,98,0,1
BRDA:324,98,1,0
BRDA:330,99,0,1
BRDA:330,99,1,0
BRDA:330,100,0,1
BRDA:330,100,1,1
BRDA:337,101,0,2
BRDA:337,101,1,2
BRDA:338,102,0,1
BRDA:338,102,1,1
BRDA:342,103,0,1
BRDA:342,103,1,0
BRDA:346,104,0,1
BRDA:346,104,1,1
BRDA:346,105,0,1
BRDA:346,105,1,0
BRDA:346,106,0,1
BRDA:346,106,1,0
BRDA:349,107,0,0
BRDA:349,107,1,0
BRDA:349,108,0,0
BRDA:349,108,1,0
BRDA:353,109,0,0
BRDA:353,109,1,0
BRDA:353,110,0,0
BRDA:353,110,1,0
BRDA:356,111,0,0
BRDA:356,111,1,0
BRDA:356,112,0,0
BRDA:356,112,1,0
BRDA:363,113,0,0
BRDA:363,113,1,2
BRDA:364,114,0,0
BRDA:364,114,1,0
BRDA:369,115,0,0
BRDA:369,115,1,0
BRDA:379,116,0,0
BRDA:379,116,1,0
BRDA:390,117,0,0
BRDA:390,117,1,2
BRDA:392,118,0,0
BRDA:392,118,1,0
BRDA:393,119,0,0
BRDA:393,119,1,0
BRDA:394,120,0,0
BRDA:394,120,1,0
BRDA:399,121,0,0
BRDA:399,121,1,0
BRDA:403,122,0,0
BRDA:403,122,1,0
BRDA:404,123,0,0
BRDA:404,123,1,0
BRDA:406,124,0,0
BRDA:406,124,1,0
BRDA:406,125,0,0
BRDA:406,125,1,0
BRDA:407,126,0,0
BRDA:407,126,1,0
BRDA:413,127,0,0
BRDA:413,127,1,0
BRDA:413,128,0,0
BRDA:413,128,1,0
BRDA:420,129,0,0
BRDA:420,129,1,0
BRDA:421,130,0,0
BRDA:421,130,1,0
BRDA:422,131,0,0
BRDA:422,131,1,0
BRDA:424,132,0,0
BRDA:424,132,1,0
BRDA:426,133,0,0
BRDA:426,133,1,0
BRDA:426,134,0,0
BRDA:426,134,1,0
BRDA:427,135,0,0
BRDA:427,135,1,0
BRDA:438,136,0,0
BRDA:438,136,1,2
BRDA:439,137,0,0
BRDA:439,137,1,0
BRDA:441,138,0,0
BRDA:441,138,1,0
BRDA:445,139,0,0
BRDA:445,139,1,0
BRDA:446,140,0,0
BRDA:446,140,1,0
BRDA:447,141,0,0
BRDA:447,141,1,0
BRDA:449,142,0,0
BRDA:449,142,1,0
BRDA:453,143,0,0
BRDA:453,143,1,0
BRDA:454,144,0,0
BRDA:454,144,1,0
BRDA:461,145,0,0
BRDA:461,145,1,2
BRDA:463,146,0,0
BRDA:463,146,1,0
BRDA:464,147,0,0
BRDA:464,147,1,0
BRDA:466,148,0,0
BRDA:466,148,1,0
BRDA:468,149,0,0
BRDA:468,149,1,0
BRDA:472,150,0,0
BRDA:472,150,1,0
BRDA:474,151,0,0
BRDA:474,151,1,0
BRDA:474,152,0,0
BRDA:474,152,1,0
BRDA:480,153,0,0
BRDA:480,153,1,0
BRDA:481,154,0,0
BRDA:481,154,1,0
BRDA:481,155,0,0
BRDA:481,155,1,0
BRDA:481,155,2,0
BRDA:483,156,0,0
BRDA:483,156,1,0
BRDA:489,157,0,0
BRDA:489,157,1,0
BRDA:489,158,0,0
BRDA:489,158,1,0
BRDA:495,159,0,0
BRDA:495,159,1,2
BRDA:498,160,0,0
BRDA:498,160,1,0
BRDA:499,161,0,0
BRDA:499,161,1,0
BRDA:501,162,0,0
BRDA:501,162,1,0
BRDA:501,163,0,0
BRDA:501,163,1,0
BRDA:503,164,0,0
BRDA:503,164,1,0
BRDA:506,165,0,0
BRDA:506,165,1,0
BRDA:509,166,0,0
BRDA:509,166,1,0
BRDA:515,167,0,0
BRDA:515,167,1,0
BRDA:516,168,0,0
BRDA:516,168,1,0
BRDA:517,169,0,0
BRDA:517,169,1,0
BRDA:518,170,0,0
BRDA:518,170,1,0
BRDA:518,171,0,0
BRDA:518,171,1,0
BRDA:526,172,0,0
BRDA:526,172,1,0
BRDA:527,173,0,0
BRDA:527,173,1,0
BRDA:528,174,0,0
BRDA:528,174,1,0
BRDA:528,175,0,0
BRDA:528,175,1,0
BRDA:530,176,0,0
BRDA:530,176,1,0
BRDA:533,177,0,0
BRDA:533,177,1,0
BRDA:538,178,0,0
BRDA:538,178,1,0
BRDA:543,179,0,0
BRDA:543,179,1,0
BRDA:544,180,0,0
BRDA:544,180,1,0
BRDA:545,181,0,0
BRDA:545,181,1,0
BRDA:552,182,0,1
BRDA:552,182,1,1
BRDA:553,183,0,1
BRDA:553,183,1,0
BRDA:563,184,0,1
BRDA:563,184,1,0
BRDA:564,185,0,1
BRDA:564,185,1,0
BRDA:569,186,0,1
BRDA:569,186,1,0
BRDA:574,187,0,1
BRDA:574,187,1,0
BRDA:575,188,0,1
BRDA:575,188,1,0
BRDA:578,189,0,1
BRDA:578,189,1,0
BRDA:579,190,0,1
BRDA:579,190,1,0
BRDA:583,191,0,1
BRDA:583,191,1,0
BRDA:595,192,0,0
BRDA:595,192,1,1
BRDA:595,193,0,0
BRDA:595,193,1,1
BRDA:595,194,0,0
BRDA:595,194,1,1
BRDA:595,195,0,0
BRDA:595,195,1,1
BRDA:595,196,0,1
BRDA:595,196,1,0
BRF:395
BRH:201
end_of_record
TN:
SF:api/profiles/[slug].js
FN:8,handler
FNF:1
FNH:1
FNDA:9,handler
DA:3,1
DA:4,1
DA:6,1
DA:8,1
DA:9,9
DA:10,9
DA:12,9
DA:13,2
DA:14,2
DA:15,2
DA:16,2
DA:19,7
DA:20,7
DA:21,7
DA:22,2
DA:23,2
DA:24,2
DA:27,5
DA:29,5
DA:30,0
DA:31,0
DA:32,0
DA:35,5
DA:37,5
DA:38,3
DA:39,1
DA:40,1
DA:41,1
DA:43,2
DA:44,2
DA:45,2
DA:47,2
DA:48,2
LF:33
LH:30
BRDA:12,0,0,2
BRDA:12,0,1,7
BRDA:19,1,0,6
BRDA:19,1,1,1
BRDA:20,2,0,7
BRDA:20,2,1,0
BRDA:21,3,0,2
BRDA:21,3,1,5
BRDA:29,4,0,0
BRDA:29,4,1,5
BRDA:38,5,0,1
BRDA:38,5,1,2
BRF:12
BRH:10
end_of_record
TN:
SF:api/public/[type].js
FN:5,send
FN:12,publicLicense
FN:31,handler
FNF:3
FNH:3
FNDA:7,send
FNDA:1,publicLicense
FNDA:8,handler
DA:3,1
DA:6,7
DA:7,7
DA:8,7
DA:9,7
DA:13,1
DA:14,1
DA:31,1
DA:32,8
DA:34,8
DA:35,7
DA:37,6
DA:39,6
DA:40,6
DA:41,3
DA:42,2
DA:43,2
DA:46,3
DA:47,2
DA:51,2
DA:53,2
DA:56,1
DA:58,1
DA:59,1
LF:24
LH:24
BRDA:5,0,0,3
BRDA:13,1,0,1
BRDA:13,1,1,0
BRDA:19,2,0,1
BRDA:19,2,1,0
BRDA:20,3,0,1
BRDA:20,3,1,0
BRDA:21,4,0,1
BRDA:21,4,1,1
BRDA:22,5,0,1
BRDA:22,5,1,1
BRDA:23,6,0,1
BRDA:23,6,1,1
BRDA:24,7,0,1
BRDA:24,7,1,1
BRDA:34,8,0,1
BRDA:34,8,1,7
BRDA:35,9,0,1
BRDA:35,9,1,6
BRDA:37,10,0,6
BRDA:37,10,1,6
BRDA:37,10,2,0
BRDA:40,11,0,3
BRDA:40,11,1,3
BRDA:42,12,0,2
BRDA:42,12,1,1
BRDA:46,13,0,2
BRDA:46,13,1,1
BRF:28
BRH:24
end_of_record
TN:
SF:api/wallet/[...path].js
FN:20,checkAuth
FN:28,parseSegments
FN:35,readBody
FN:36,(anonymous_3)
FN:38,(anonymous_4)
FN:39,(anonymous_5)
FN:44,handler
FN:259,(anonymous_7)
FNF:8
FNH:7
FNDA:27,checkAuth
FNDA:26,parseSegments
FNDA:15,readBody
FNDA:15,(anonymous_3)
FNDA:15,(anonymous_4)
FNDA:15,(anonymous_5)
FNDA:28,handler
FNDA:0,(anonymous_7)
DA:3,1
DA:4,1
DA:5,1
DA:6,1
DA:8,1
DA:10,1
DA:12,1
DA:21,27
DA:22,27
DA:23,27
DA:24,1
DA:25,1
DA:29,26
DA:30,26
DA:31,26
DA:32,26
DA:36,15
DA:37,15
DA:38,15
DA:39,15
DA:40,15
DA:44,1
DA:45,28
DA:46,27
DA:48,26
DA:49,26
DA:50,26
DA:51,26
DA:52,26
DA:54,26
DA:55,26
DA:56,15
DA:57,0
DA:60,26
DA:62,26
DA:63,1
DA:64,1
DA:67,1
DA:68,1
DA:71,1
DA:79,1
DA:83,25
DA:84,8
DA:85,1
DA:86,1
DA:87,1
DA:91,1
DA:92,1
DA:93,1
DA:96,7
DA:97,6
DA:98,6
DA:101,5
DA:102,3
DA:105,3
DA:108,4
DA:109,2
DA:112,2
DA:113,2
DA:114,1
DA:115,1
DA:117,1
DA:119,3
DA:120,2
DA:121,2
DA:122,1
DA:124,2
DA:128,2
DA:129,2
DA:131,1
DA:132,1
DA:138,17
DA:139,6
DA:140,2
DA:141,2
DA:142,1
DA:143,1
DA:145,4
DA:146,1
DA:149,1
DA:150,1
DA:152,3
DA:153,2
DA:154,2
DA:155,1
DA:160,1
DA:161,1
DA:163,1
DA:164,1
DA:165,1
DA:166,1
DA:168,0
DA:169,0
DA:173,11
DA:174,6
DA:175,1
DA:176,1
DA:180,1
DA:181,1
DA:183,5
DA:184,2
DA:185,2
DA:186,1
DA:187,1
DA:192,1
DA:193,1
DA:195,3
DA:196,2
DA:197,2
DA:205,2
DA:206,1
DA:207,1
DA:209,1
DA:210,1
DA:211,1
DA:212,1
DA:214,0
DA:215,0
DA:219,5
DA:220,4
DA:221,1
DA:224,1
DA:225,1
DA:227,3
DA:228,3
DA:229,3
DA:230,2
DA:232,1
DA:233,1
DA:234,1
DA:236,1
DA:239,1
DA:240,1
DA:241,1
DA:242,1
DA:244,0
DA:248,0
DA:252,0
DA:256,0
DA:257,0
DA:259,0
DA:260,0
DA:262,1
DA:264,0
DA:266,0
DA:267,0
DA:270,1
DA:272,0
DA:273,0
LF:149
LH:132
BRDA:14,0,0,0
BRDA:14,0,1,1
BRDA:22,1,0,0
BRDA:22,1,1,27
BRDA:23,2,0,26
BRDA:23,2,1,1
BRDA:38,3,0,0
BRDA:38,3,1,15
BRDA:39,4,0,15
BRDA:39,4,1,0
BRDA:45,5,0,1
BRDA:45,5,1,27
BRDA:46,6,0,1
BRDA:46,6,1,26
BRDA:50,7,0,26
BRDA:50,7,1,26
BRDA:55,8,0,15
BRDA:55,8,1,11
BRDA:57,9,0,0
BRDA:57,9,1,0
BRDA:62,10,0,1
BRDA:62,10,1,25
BRDA:63,11,0,0
BRDA:63,11,1,1
BRDA:67,12,0,1
BRDA:67,12,1,0
BRDA:83,13,0,8
BRDA:83,13,1,17
BRDA:84,14,0,1
BRDA:84,14,1,7
BRDA:85,15,0,1
BRDA:85,15,1,1
BRDA:86,16,0,1
BRDA:86,16,1,1
BRDA:96,17,0,6
BRDA:96,17,1,1
BRDA:97,18,0,0
BRDA:97,19,0,6
BRDA:97,20,0,3
BRDA:98,21,0,1
BRDA:98,21,1,5
BRDA:98,22,0,6
BRDA:98,22,1,5
BRDA:101,23,0,3
BRDA:101,23,1,2
BRDA:105,24,0,1
BRDA:105,24,1,2
BRDA:108,25,0,2
BRDA:108,25,1,2
BRDA:113,26,0,1
BRDA:113,26,1,1
BRDA:119,27,0,2
BRDA:119,27,1,1
BRDA:121,28,0,1
BRDA:121,28,1,1
BRDA:121,29,0,2
BRDA:121,29,1,1
BRDA:126,30,0,2
BRDA:126,30,1,0
BRDA:138,31,0,6
BRDA:138,31,1,11
BRDA:139,32,0,2
BRDA:139,32,1,4
BRDA:139,33,0,6
BRDA:139,33,1,3
BRDA:141,34,0,1
BRDA:141,34,1,1
BRDA:145,35,0,1
BRDA:145,35,1,3
BRDA:152,36,0,2
BRDA:152,36,1,1
BRDA:153,37,0,0
BRDA:154,38,0,1
BRDA:154,38,1,1
BRDA:158,39,0,1
BRDA:158,39,1,1
BRDA:163,40,0,1
BRDA:163,40,1,0
BRDA:163,41,0,1
BRDA:163,41,1,1
BRDA:173,42,0,6
BRDA:173,42,1,5
BRDA:174,43,0,1
BRDA:174,43,1,5
BRDA:175,44,0,1
BRDA:175,44,1,1
BRDA:183,45,0,2
BRDA:183,45,1,3
BRDA:184,46,0,1
BRDA:184,47,0,2
BRDA:184,48,0,2
BRDA:185,49,0,1
BRDA:185,49,1,1
BRDA:186,50,0,0
BRDA:186,50,1,1
BRDA:186,51,0,1
BRDA:186,51,1,1
BRDA:195,52,0,2
BRDA:195,52,1,1
BRDA:195,53,0,3
BRDA:195,53,1,2
BRDA:203,54,0,0
BRDA:203,54,1,2
BRDA:205,55,0,1
BRDA:205,55,1,1
BRDA:209,56,0,1
BRDA:209,56,1,0
BRDA:209,57,0,1
BRDA:209,57,1,1
BRDA:219,58,0,4
BRDA:219,58,1,1
BRDA:220,59,0,1
BRDA:220,59,1,3
BRDA:227,60,0,3
BRDA:227,60,1,0
BRDA:228,61,0,3
BRDA:229,62,0,1
BRDA:229,62,1,2
BRDA:230,63,0,1
BRDA:230,63,1,1
BRDA:230,64,0,2
BRDA:230,64,1,1
BRDA:239,65,0,1
BRDA:239,65,1,0
BRDA:239,66,0,1
BRDA:239,66,1,1
BRF:126
BRH:109
end_of_record
